This is pdfTeX, Version 3.141592653-2.6-1.40.26 (TeX Live 2024) (preloaded format=pdflatex 2024.9.4) 20 SEP 2024 04:42entering extended mode restricted \write18 enabled.
 file:line:error style messages enabled.
 %&-line parsing enabled.
**main.tex(./main.texLaTeX2e <2024-06-01> patch level 2L3 programming layer <2024-08-16>(./CORE-AAS/aastex631.cls
LaTeX Warning: You have requested document class `CORE-AAS/aastex631', but the document class provides `aastex631'.

Document Class: aastex631 2020/12/20 Version 6.3.1d/AAS markup document classClass aastex Info: Original \LaTeX2.09 style by Chris Biemesderfer (chris@seagoat.com).
 Adapted to \LaTeXe by A. Ogawa (ogawa@teleport.com) emulateapj.cls included, Copyright 2000-2015 Alexey Vikhlinin Rewrite and update of emulateapj.cls, revised and enhanced with table macros, gridlines, draft watermark, track changes, new `modern' style and much more, by Amy Hendrickson, (amyh@texnology.com, http://www.texnology.com) on input line 106.

\bibbaselineskip=\skip49
(/home/runner/work/_temp/setup-texlive-action/2024/texmf-dist/tex/latex/revtex4-1/revtex4-1.clsDocument Class: revtex4-1 2020/09/30 4.1s (http://publish.aps.org/revtex4/ for documentation) Copyright (c) 2009 The American Physical Society.
 mailto:revtex@aps.org Licensed under the LPPL:http://www.ctan.org/tex-archive/macros/latex/base/lppl.txt Arthur Ogawa <arthur_ogawa at sbcglobal dot net> Based on work by David Carlisle <david at dcarlisle.demon.co.uk>.
ltxutil[2020/09/30 4.1s utilities package (portions licensed from W. E. Baxter web at superscript.com)]LaTeX Info: Redefining \@centercr on input line 346.
Class revtex4-1 Info: Repairing hyperref-unfriendly LaTeX definition of \mpfootnote on input line 471.
Class revtex4-1 Info: Repairing broken LateX \@sect on input line 793.

\intertabularlinepenalty=\count194
\@tbpen=\count195
\@arstrutbox@hline=\box52Class revtex4-1 Info: Repairing broken LaTeX \@xbitor on input line 1824.
Class revtex4-1 Info: Making \typeout \long on input line 2089.
ltxfront[2020/09/30 4.1s frontmatter package (AO,DPC)]
\c@affil=\count196
\c@collab=\count197
\absbox=\box53ltxgrid[2020/09/30 4.1s page grid package (portions licensed from W. E. Baxter web at superscript.com)]
\c@linecount=\count198
\output@latex=\toks17
\box@size@1=\box54
\box@size@2=\box55
\@protection@box=\box56
\@topmark@saved=\toks18
\footins@saved=\box57
\footins@recovered=\box58
\column@recovered=\box59
\pagesofar=\box60
\footsofar=\box61
\pagegrid@col=\count199Class revtex4-1 Info: Overriding \@vspace, \@vspacer, \@no@pgbk, \@newline, and
\\ on input line 5655.

\c@part=\count266
\c@section=\count267
\c@subsection=\count268
\c@subsubsection=\count269
\c@paragraph=\count270
\c@subparagraph=\count271
\abovecaptionskip=\skip50
\belowcaptionskip=\skip51
\c@figure=\count272
\fbox@1=\box62
\c@table=\count273
\fbox@2=\box63
\c@video=\count274
\fbox@4=\box64
\@bibdataout=\write3
\widetext@top=\box65
\widetext@bot=\box66Class revtex4-1 Info: Selecting society aps on input line 7616.

(/home/runner/work/_temp/setup-texlive-action/2024/texmf-dist/tex/latex/revtex4-1/aps4-1.rtxFile: aps4-1 2020/09/30 4.1s (http://publish.aps.org/revtex4/ for documentation)Class revtex4-1 Info: RevTeX society APS selected on input line 31.)
Class revtex4-1 Info: Selecting journal pra on input line 7618.
Class revtex4-1 Info: APS journal PRA selected on input line 7619.

(/home/runner/work/_temp/setup-texlive-action/2024/texmf-dist/tex/latex/revtex4-1/aps12pt4-1.rtxFile: aps12pt4-1 2020/09/30 4.1s (http://publish.aps.org/revtex4/ for documentation)Class revtex4-1 Info: RevTeX pointsize 12pt selected on input line 30.)
(/home/runner/work/_temp/setup-texlive-action/2024/texmf-dist/tex/latex/textcase/textcase.styPackage: textcase 2023/07/27 v1.04 Text only upper/lower case changing (DPC)Package textcase Info: Defining Legacy names on input line 20.)
(/home/runner/work/_temp/setup-texlive-action/2024/texmf-dist/tex/latex/url/url.sty
\Urlmuskip=\muskip17Package: url 2013/09/16 ver 3.4 Verb mode for urls, etc.)
(/home/runner/work/_temp/setup-texlive-action/2024/texmf-dist/tex/latex/natbib/natbib.styPackage: natbib 2010/09/13 8.31b (PWD, AO)
\bibhang=\skip52
\bibsep=\skip53LaTeX Info: Redefining \cite on input line 694.

\c@NAT@ctr=\count275)Class revtex4-1 Info: Repairing natbib's \BibitemShut on input line 7623.

(/home/runner/work/_temp/setup-texlive-action/2024/texmf-dist/tex/latex/revtex4-1/revsymb4-1.styPackage: revsymb4-1 2020/09/30 4.1s (http://publish.aps.org/revtex4/ for documentation)LaTeX Info: Redefining \REV@mathfrak on input line 119.)))
(/home/runner/work/_temp/setup-texlive-action/2024/texmf-dist/tex/latex/base/latexsym.styPackage: latexsym 1998/08/17 v2.2e Standard LaTeX package (lasy symbols)
\symlasy=\mathgroup4LaTeX Font Info: Overwriting symbol font `lasy' in version `bold'(Font) U/lasy/m/n --> U/lasy/b/n on input line 52.)
(/home/runner/work/_temp/setup-texlive-action/2024/texmf-dist/tex/latex/graphics/graphicx.styPackage: graphicx 2021/09/16 v1.2d Enhanced LaTeX Graphics (DPC,SPQR)
(/home/runner/work/_temp/setup-texlive-action/2024/texmf-dist/tex/latex/graphics/keyval.styPackage: keyval 2022/05/29 v1.15 key=value parser (DPC)
\KV@toks@=\toks19)(/home/runner/work/_temp/setup-texlive-action/2024/texmf-dist/tex/latex/graphics/graphics.styPackage: graphics 2024/05/23 v1.4g Standard LaTeX Graphics (DPC,SPQR)
(/home/runner/work/_temp/setup-texlive-action/2024/texmf-dist/tex/latex/graphics/trig.styPackage: trig 2023/12/02 v1.11 sin cos tan (DPC))(/home/runner/work/_temp/setup-texlive-action/2024/texmf-dist/tex/latex/graphics-cfg/graphics.cfgFile: graphics.cfg 2016/06/04 v1.11 sample graphics configuration)Package graphics Info: Driver file: pdftex.def on input line 106.

(/home/runner/work/_temp/setup-texlive-action/2024/texmf-dist/tex/latex/graphics-def/pdftex.defFile: pdftex.def 2024/04/13 v1.2c Graphics/color driver for pdftex))
\Gin@req@height=\dimen141
\Gin@req@width=\dimen142)(/home/runner/work/_temp/setup-texlive-action/2024/texmf-dist/tex/latex/amsfonts/amssymb.styPackage: amssymb 2013/01/14 v3.01 AMS font symbols
(/home/runner/work/_temp/setup-texlive-action/2024/texmf-dist/tex/latex/amsfonts/amsfonts.styPackage: amsfonts 2013/01/14 v3.01 Basic AMSFonts support
\@emptytoks=\toks20
\symAMSa=\mathgroup5
\symAMSb=\mathgroup6LaTeX Font Info: Redeclaring math symbol \hbar on input line 98.
LaTeX Font Info: Overwriting math alphabet `\mathfrak' in version `bold'(Font) U/euf/m/n --> U/euf/b/n on input line 106.
LaTeX Info: Redefining \frak on input line 111.
LaTeX Info: Redefining \Bbb on input line 113.)))
(/home/runner/work/_temp/setup-texlive-action/2024/texmf-dist/tex/generic/epsf/epsf.styThis is `epsf.tex' v2.7.4 <14 February 2011>
\epsffilein=\read2
\epsfframemargin=\dimen143
\epsfframethickness=\dimen144
\epsfrsize=\dimen145
\epsftmp=\dimen146
\epsftsize=\dimen147
\epsfxsize=\dimen148
\epsfysize=\dimen149
\pspoints=\dimen150)
\rptnum=\count276
\rptloopnum=\count277
\fncount=\count278
\endfncount=\count279
\c@front@matter@foot@note=\count280
\keys@width=\skip54
\c@lastfootnote=\count281
\tempsectnum=\count282
\ackbox=\box67
\c@remember@figure@num=\count283
\c@remember@table@num=\count284
\bibskip=\skip55
\bibindent=\dimen151
\plot@width=\skip56
\c@table@save=\count285
\@abovenoteskip=\dimen152
\table@note@skip=\skip57
\deluxe@table@width=\skip58
\@d@t@a=\skip59
\c@deluxe@table@num=\count286
\LTcapwidth=\dimen153
\abovedeluxetableskip=\skip60
\belowdeluxetableskip=\skip61
\lastrowheight=\dimen154
\DT@p@ftn=\toks21
\pt@column=\count287
\pt@ncol=\count288
(/home/runner/work/_temp/setup-texlive-action/2024/texmf-dist/tex/latex/tools/longtable.styPackage: longtable 2024-04-26 v4.20 Multi-page Table package (DPC)
\LTleft=\skip62
\LTright=\skip63
\LTpre=\skip64
\LTpost=\skip65
\LTchunksize=\count289
\LTcapwidth=\dimen155
\LT@head=\box68
\LT@firsthead=\box69
\LT@foot=\box70
\LT@lastfoot=\box71
\LT@gbox=\box72
\LT@cols=\count290
\LT@rows=\count291
\c@LT@tables=\count292
\c@LT@chunks=\count293
\LT@p@ftn=\toks22)(/home/runner/work/_temp/setup-texlive-action/2024/texmf-dist/tex/latex/xcolor/xcolor.styPackage: xcolor 2023/11/15 v3.01 LaTeX color extensions (UK)
(/home/runner/work/_temp/setup-texlive-action/2024/texmf-dist/tex/latex/graphics-cfg/color.cfgFile: color.cfg 2016/01/02 v1.6 sample color configuration)Package xcolor Info: Driver file: pdftex.def on input line 274.

(/home/runner/work/_temp/setup-texlive-action/2024/texmf-dist/tex/latex/graphics/mathcolor.ltx)Package xcolor Info: Model `cmy' substituted by `cmy0' on input line 1350.
Package xcolor Info: Model `hsb' substituted by `rgb' on input line 1354.
Package xcolor Info: Model `RGB' extended on input line 1366.
Package xcolor Info: Model `HTML' substituted by `rgb' on input line 1368.
Package xcolor Info: Model `Hsb' substituted by `hsb' on input line 1369.
Package xcolor Info: Model `tHsb' substituted by `hsb' on input line 1370.
Package xcolor Info: Model `HSB' substituted by `hsb' on input line 1371.
Package xcolor Info: Model `Gray' substituted by `gray' on input line 1372.
Package xcolor Info: Model `wave' substituted by `hsb' on input line 1373.)
(/home/runner/work/_temp/setup-texlive-action/2024/texmf-dist/tex/latex/hyperref/hyperref.styPackage: hyperref 2024-07-10 v7.01j Hypertext links for LaTeX
(/home/runner/work/_temp/setup-texlive-action/2024/texmf-dist/tex/generic/iftex/iftex.styPackage: iftex 2022/02/03 v1.0f TeX engine tests)(/home/runner/work/_temp/setup-texlive-action/2024/texmf-dist/tex/latex/kvsetkeys/kvsetkeys.styPackage: kvsetkeys 2022-10-05 v1.19 Key value parser (HO))(/home/runner/work/_temp/setup-texlive-action/2024/texmf-dist/tex/generic/kvdefinekeys/kvdefinekeys.styPackage: kvdefinekeys 2019-12-19 v1.6 Define keys (HO))(/home/runner/work/_temp/setup-texlive-action/2024/texmf-dist/tex/generic/pdfescape/pdfescape.styPackage: pdfescape 2019/12/09 v1.15 Implements pdfTeX's escape features (HO)
(/home/runner/work/_temp/setup-texlive-action/2024/texmf-dist/tex/generic/ltxcmds/ltxcmds.styPackage: ltxcmds 2023-12-04 v1.26 LaTeX kernel commands for general use (HO))(/home/runner/work/_temp/setup-texlive-action/2024/texmf-dist/tex/generic/pdftexcmds/pdftexcmds.styPackage: pdftexcmds 2020-06-27 v0.33 Utility functions of pdfTeX for LuaTeX (HO)
(/home/runner/work/_temp/setup-texlive-action/2024/texmf-dist/tex/generic/infwarerr/infwarerr.styPackage: infwarerr 2019/12/03 v1.5 Providing info/warning/error messages (HO))Package pdftexcmds Info: \pdf@primitive is available.
Package pdftexcmds Info: \pdf@ifprimitive is available.
Package pdftexcmds Info: \pdfdraftmode found.)))
(/home/runner/work/_temp/setup-texlive-action/2024/texmf-dist/tex/latex/hycolor/hycolor.styPackage: hycolor 2020-01-27 v1.10 Color options for hyperref/bookmark (HO))(/home/runner/work/_temp/setup-texlive-action/2024/texmf-dist/tex/latex/hyperref/nameref.styPackage: nameref 2023-11-26 v2.56 Cross-referencing by name of section
(/home/runner/work/_temp/setup-texlive-action/2024/texmf-dist/tex/latex/refcount/refcount.styPackage: refcount 2019/12/15 v3.6 Data extraction from label references (HO))(/home/runner/work/_temp/setup-texlive-action/2024/texmf-dist/tex/generic/gettitlestring/gettitlestring.styPackage: gettitlestring 2019/12/15 v1.6 Cleanup title references (HO)
(/home/runner/work/_temp/setup-texlive-action/2024/texmf-dist/tex/latex/kvoptions/kvoptions.styPackage: kvoptions 2022-06-15 v3.15 Key value format for package options (HO)))
Package nameref Warning: The definition of \label has changed! (nameref) Check your packages! (nameref) Replacing it with the kernel definition on input line 149.


\c@section@level=\count294)(/home/runner/work/_temp/setup-texlive-action/2024/texmf-dist/tex/latex/etoolbox/etoolbox.styPackage: etoolbox 2020/10/05 v2.5k e-TeX tools for LaTeX (JAW)
\etb@tempcnta=\count295)(/home/runner/work/_temp/setup-texlive-action/2024/texmf-dist/tex/generic/stringenc/stringenc.styPackage: stringenc 2019/11/29 v1.12 Convert strings between diff. encodings (HO))
\@linkdim=\dimen156
\Hy@linkcounter=\count296
\Hy@pagecounter=\count297
(/home/runner/work/_temp/setup-texlive-action/2024/texmf-dist/tex/latex/hyperref/pd1enc.defFile: pd1enc.def 2024-07-10 v7.01j Hyperref: PDFDocEncoding definition (HO)Now handling font encoding PD1 ...
... no UTF-8 mapping file for font encoding PD1)(/home/runner/work/_temp/setup-texlive-action/2024/texmf-dist/tex/generic/intcalc/intcalc.styPackage: intcalc 2019/12/15 v1.3 Expandable calculations with integers (HO))
\Hy@SavedSpaceFactor=\count298
(/home/runner/work/_temp/setup-texlive-action/2024/texmf-dist/tex/latex/hyperref/puenc.defFile: puenc.def 2024-07-10 v7.01j Hyperref: PDF Unicode definition (HO)Now handling font encoding PU ...
... no UTF-8 mapping file for font encoding PU)Package hyperref Info: Option `bookmarks' set `true' on input line 4040.
Package hyperref Info: Option `pdfnewwindow' set `true' on input line 4040.
Package hyperref Info: Option `colorlinks' set `true' on input line 4040.
Package hyperref Info: Option `final' set `true' on input line 4040.
Package hyperref Info: Hyper figures OFF on input line 4157.
Package hyperref Info: Link nesting OFF on input line 4162.
Package hyperref Info: Hyper index ON on input line 4165.
Package hyperref Info: Plain pages OFF on input line 4172.
Package hyperref Info: Backreferencing OFF on input line 4177.
Package hyperref Info: Implicit mode ON; LaTeX internals redefined.
Package hyperref Info: Bookmarks ON on input line 4424.
LaTeX Info: Redefining \href on input line 4674.

\c@Hy@tempcnt=\count299LaTeX Info: Redefining \url on input line 4763.

\XeTeXLinkMargin=\dimen157
(/home/runner/work/_temp/setup-texlive-action/2024/texmf-dist/tex/generic/bitset/bitset.styPackage: bitset 2019/12/09 v1.3 Handle bit-vector datatype (HO)
(/home/runner/work/_temp/setup-texlive-action/2024/texmf-dist/tex/generic/bigintcalc/bigintcalc.styPackage: bigintcalc 2019/12/15 v1.5 Expandable calculations on big integers (HO)))
\Fld@menulength=\count300
\Field@Width=\dimen158
\Fld@charsize=\dimen159Package hyperref Info: Hyper figures OFF on input line 6042.
Package hyperref Info: Link nesting OFF on input line 6047.
Package hyperref Info: Hyper index ON on input line 6050.
Package hyperref Info: backreferencing OFF on input line 6057.
Package hyperref Info: Link coloring ON on input line 6060.
Package hyperref Info: Link coloring with OCG OFF on input line 6067.
Package hyperref Info: PDF/A mode OFF on input line 6072.

(/home/runner/work/_temp/setup-texlive-action/2024/texmf-dist/tex/latex/base/atbegshi-ltx.styPackage: atbegshi-ltx 2021/01/10 v1.0c Emulation of the original atbegshipackage with kernel methods)
\Hy@abspage=\count301
\c@Item=\count302
\c@Hfootnote=\count303)Package hyperref Info: Driver (autodetected): hpdftex.

(/home/runner/work/_temp/setup-texlive-action/2024/texmf-dist/tex/latex/hyperref/hpdftex.defFile: hpdftex.def 2024-07-10 v7.01j Hyperref driver for pdfTeX
(/home/runner/work/_temp/setup-texlive-action/2024/texmf-dist/tex/latex/base/atveryend-ltx.styPackage: atveryend-ltx 2020/08/19 v1.0a Emulation of the original atveryend packagewith kernel methods)
\Fld@listcount=\count304
\c@bookmark@seq@number=\count305
(/home/runner/work/_temp/setup-texlive-action/2024/texmf-dist/tex/latex/rerunfilecheck/rerunfilecheck.styPackage: rerunfilecheck 2022-07-10 v1.10 Rerun checks for auxiliary files (HO)
(/home/runner/work/_temp/setup-texlive-action/2024/texmf-dist/tex/generic/uniquecounter/uniquecounter.styPackage: uniquecounter 2019/12/15 v1.4 Provide unlimited unique counter (HO))Package uniquecounter Info: New unique counter `rerunfilecheck' on input line 285.)

\Hy@SectionHShift=\skip66)(/home/runner/work/_temp/setup-texlive-action/2024/texmf-dist/tex/latex/tools/array.styPackage: array 2024/06/14 v2.6d Tabular extension package (FMi)
\col@sep=\dimen160
\ar@mcellbox=\box73
\extrarowheight=\dimen161
\NC@list=\toks23
\extratabsurround=\skip67
\backup@length=\skip68
\ar@cellbox=\box74)
\colcount=\count306
\firstcolcount=\count307
\secondcolcount=\count308
\thirdcolcount=\count309
\columncount=\count310
\howmanyDs=\count311
\firsthowmanyDs=\count312
\secondhowmanyDs=\count313
\PartsOfTable=\count314
\columnoneandtwo=\count315
\colnumsused=\count316
\loopnum=\count317
\totalcolumncount=\count318
\totalcolumns=\count319
\firsttablebox=\box75
\secondtablebox=\box76
\thirdtablebox=\box77
\longtablebox=\box78
\splitbox=\box79
\movetabledown=\dimen162
\maxtablewidth=\dimen163
\savetabskip=\dimen164
\tempcounter=\count320
\colheadcount=\count321
\rotatetablebox=\box80
\colorcount=\count322
\editnum=\count323
\refchangenumber=\count324
\listchangenum=\count325
(/home/runner/work/_temp/setup-texlive-action/2024/texmf-dist/tex/generic/ulem/ulem.sty
\UL@box=\box81
\UL@hyphenbox=\box82
\UL@skip=\skip69
\UL@hook=\toks24
\UL@height=\dimen165
\UL@pe=\count326
\UL@pixel=\dimen166
\ULC@box=\box83Package: ulem 2019/11/18
\ULdepth=\dimen167)
\entriesinthiscollab=\count327
\allentries=\count328
\AuthorCollaborationLimit=\count329
\largestAffilNum=\count330
\totalentries=\count331
\docollabnum=\count332
\tempauthornumber=\count333
\countauthors=\count334
\testnum=\count335
\tempauthorminusone=\count336
\affilnum=\count337
\c@affilcount=\count338
\numauthors=\count339
\collabnum=\count340
\collabnamebox=\box84
\widetext@top=\box85
\widetext@bot=\box86
\currwidth=\dimen168
\interactbox=\box87
\movetableright=\dimen169)(/home/runner/work/_temp/setup-texlive-action/2024/texmf-dist/tex/latex/datetime/datetime.styPackage: datetime 2015/03/20 v2.60 Date Time Package
(/home/runner/work/_temp/setup-texlive-action/2024/texmf-dist/tex/latex/fmtcount/fmtcount.styPackage: fmtcount 2024/08/31 v3.08
(/home/runner/work/_temp/setup-texlive-action/2024/texmf-dist/tex/latex/base/ifthen.styPackage: ifthen 2024/03/16 v1.1e Standard LaTeX ifthen package (DPC))(/home/runner/work/_temp/setup-texlive-action/2024/texmf-dist/tex/latex/xkeyval/xkeyval.styPackage: xkeyval 2022/06/16 v2.9 package option processing (HA)
(/home/runner/work/_temp/setup-texlive-action/2024/texmf-dist/tex/generic/xkeyval/xkeyval.tex(/home/runner/work/_temp/setup-texlive-action/2024/texmf-dist/tex/generic/xkeyval/xkvutils.tex
\XKV@toks=\toks25
\XKV@tempa@toks=\toks26)
\XKV@depth=\count341File: xkeyval.tex 2014/12/03 v2.7a key=value parser (HA)))(/home/runner/work/_temp/setup-texlive-action/2024/texmf-dist/tex/latex/fmtcount/fcprefix.styPackage: fcprefix 2012/09/28
(/home/runner/work/_temp/setup-texlive-action/2024/texmf-dist/tex/latex/fmtcount/fcnumparser.styPackage: fcnumparser 2017/06/15
\fc@digit@counter=\count342))(/home/runner/work/_temp/setup-texlive-action/2024/texmf-dist/tex/latex/amsmath/amsgen.styFile: amsgen.sty 1999/11/30 v2.0 generic functions
\@emptytoks=\toks27
\ex@=\dimen170)
\c@padzeroesN=\count343
\fc@tmpcatcode=\count344
\@DT@modctr=\count345
\@ordinalctr=\count346
\@orgargctr=\count347
\@strctr=\count348
\@tmpstrctr=\count349
\@DT@loopN=\count350
\@DT@X=\count351)(/home/runner/work/_temp/setup-texlive-action/2024/texmf-dist/tex/latex/datetime/datetime-defaults.styPackage: datetime-defaults 2013/09/10)
\@day=\count352
\@month=\count353
\@year=\count354
\c@HOUR=\count355
\c@HOURXII=\count356
\c@MINUTE=\count357
\c@TOHOUR=\count358
\c@TOMINUTE=\count359
\c@SECOND=\count360
\currenthour=\count361
\currentminute=\count362
\currentsecond=\count363Package datetime Info: No datetime.cfg file found, using default settings on input line 308.

\@dtctr=\count364
\dayofyear=\count365
\dayofweek=\count366LaTeX Info: Redefining \today on input line 736.

\dt@a=\toks28
\dt@b=\toks29)(/home/runner/work/_temp/setup-texlive-action/2024/texmf-dist/tex/latex/amsmath/amsmath.styPackage: amsmath 2024/05/23 v2.17q AMS math features
\@mathmargin=\skip70
For additional information on amsmath, use the `?' option.

(/home/runner/work/_temp/setup-texlive-action/2024/texmf-dist/tex/latex/amsmath/amstext.styPackage: amstext 2021/08/26 v2.01 AMS textLaTeX Info: Redefining \text on input line 28.)
(/home/runner/work/_temp/setup-texlive-action/2024/texmf-dist/tex/latex/amsmath/amsbsy.styPackage: amsbsy 1999/11/29 v1.2d Bold Symbols
\pmbraise@=\dimen171)(/home/runner/work/_temp/setup-texlive-action/2024/texmf-dist/tex/latex/amsmath/amsopn.styPackage: amsopn 2022/04/08 v2.04 operator names)
\inf@bad=\count367LaTeX Info: Redefining \frac on input line 233.

\uproot@=\count368
\leftroot@=\count369LaTeX Info: Redefining \overline on input line 398.
LaTeX Info: Redefining \colon on input line 409.

\classnum@=\count370
\DOTSCASE@=\count371LaTeX Info: Redefining \ldots on input line 495.
LaTeX Info: Redefining \dots on input line 498.
LaTeX Info: Redefining \cdots on input line 619.

\Mathstrutbox@=\box88
\strutbox@=\box89LaTeX Info: Redefining \big on input line 721.
LaTeX Info: Redefining \Big on input line 722.
LaTeX Info: Redefining \bigg on input line 723.
LaTeX Info: Redefining \Bigg on input line 724.

\big@size=\dimen172LaTeX Font Info: Redeclaring font encoding OML on input line 742.
LaTeX Font Info: Redeclaring font encoding OMS on input line 743.

\macc@depth=\count372LaTeX Info: Redefining \bmod on input line 904.
LaTeX Info: Redefining \pmod on input line 909.
LaTeX Info: Redefining \smash on input line 939.
LaTeX Info: Redefining \relbar on input line 969.
LaTeX Info: Redefining \Relbar on input line 970.

\c@MaxMatrixCols=\count373
\dotsspace@=\muskip18
\c@parentequation=\count374
\dspbrk@lvl=\count375
\tag@help=\toks30
\row@=\count376
\column@=\count377
\maxfields@=\count378
\andhelp@=\toks31
\eqnshift@=\dimen173
\alignsep@=\dimen174
\tagshift@=\dimen175
\tagwidth@=\dimen176
\totwidth@=\dimen177
\lineht@=\dimen178
\@envbody=\toks32
\multlinegap=\skip71
\multlinetaggap=\skip72
\mathdisplay@stack=\toks33LaTeX Info: Redefining \[ on input line 2953.
LaTeX Info: Redefining \] on input line 2954.)
(/home/runner/work/_temp/setup-texlive-action/2024/texmf-dist/tex/latex/multirow/multirow.styPackage: multirow 2021/03/15 v2.8 Span multiple rows of a table
\multirow@colwidth=\skip73
\multirow@cntb=\count379
\multirow@dima=\skip74
\bigstrutjot=\dimen179)(/home/runner/work/_temp/setup-texlive-action/2024/texmf-dist/tex/latex/overpic/overpic.styPackage: overpic 2024/01/06 2.1 picture overlays (RN)
(/home/runner/work/_temp/setup-texlive-action/2024/texmf-dist/tex/latex/eepic/epic.styEnhancements to Picture Environment. Version 1.2 - Released June 1, 1986
\@@multicnt=\count380
\d@lta=\count381
\@delta=\dimen180
\@@delta=\dimen181
\@gridcnt=\count382
\@joinkind=\count383
\@dotgap=\dimen182
\@ddotgap=\dimen183
\@x@diff=\count384
\@y@diff=\count385
\x@diff=\dimen184
\y@diff=\dimen185
\@dotbox=\box90
\num@segments=\count386
\num@segmentsi=\count387
\@datafile=\read3)
\OVP@box=\box91)(/home/runner/work/_temp/setup-texlive-action/2024/texmf-dist/tex/latex/breakurl/breakurl.styPackage: breakurl 2013/04/10 v1.40 Breakable hyperref URLs
(/home/runner/work/_temp/setup-texlive-action/2024/texmf-dist/tex/generic/iftex/ifpdf.styPackage: ifpdf 2019/10/25 v3.4 ifpdf legacy package. Use iftex instead.)

Package breakurl Warning: You are using breakurl while processing via pdflatex.

(breakurl) \burl will be just a synonym of \url.
(breakurl) on input line 48.

)(/home/runner/work/_temp/setup-texlive-action/2024/texmf-dist/tex/latex/base/textcomp.styPackage: textcomp 2024/04/24 v2.1b Standard LaTeX package)(/home/runner/work/_temp/setup-texlive-action/2024/texmf-dist/tex/latex/fancyhdr/fancyhdr.styPackage: fancyhdr 2024/07/23 v4.3.1 Extensive control of page headers and footers
\f@nch@headwidth=\skip75
\f@nch@O@elh=\skip76
\f@nch@O@erh=\skip77
\f@nch@O@olh=\skip78
\f@nch@O@orh=\skip79
\f@nch@O@elf=\skip80
\f@nch@O@erf=\skip81
\f@nch@O@olf=\skip82
\f@nch@O@orf=\skip83)(/home/runner/work/_temp/setup-texlive-action/2024/texmf-dist/tex/latex/appendix/appendix.styPackage: appendix 2020/02/08 v1.2c extra appendix facilities
\c@@pps=\count388
\c@@ppsavesec=\count389
\c@@ppsaveapp=\count390)(/home/runner/work/_temp/setup-texlive-action/2024/texmf-dist/tex/latex/units/nicefrac.styPackage: nicefrac 1998/08/04 v0.9b Nice fractions
\L@UnitsRaiseDisplaystyle=\skip84
\L@UnitsRaiseTextstyle=\skip85
\L@UnitsRaiseScriptstyle=\skip86)(/home/runner/work/_temp/setup-texlive-action/2024/texmf-dist/tex/latex/svg/svg.styPackage: svg 2020/11/26 v2.02k (include SVG pictures)
(/home/runner/work/_temp/setup-texlive-action/2024/texmf-dist/tex/latex/koma-script/scrbase.styPackage: scrbase 2023/07/07 v3.41 KOMA-Script package (KOMA-Script-independent basics and keyval usage)
(/home/runner/work/_temp/setup-texlive-action/2024/texmf-dist/tex/latex/koma-script/scrlfile.styPackage: scrlfile 2023/07/07 v3.41 KOMA-Script package (file load hooks)
(/home/runner/work/_temp/setup-texlive-action/2024/texmf-dist/tex/latex/koma-script/scrlfile-hook.styPackage: scrlfile-hook 2023/07/07 v3.41 KOMA-Script package (using LaTeX hooks)
(/home/runner/work/_temp/setup-texlive-action/2024/texmf-dist/tex/latex/koma-script/scrlogo.styPackage: scrlogo 2023/07/07 v3.41 KOMA-Script package (logo))))Applying: [2021/05/01] Usage of raw or classic option list on input line 252.
Already applied: [0000/00/00] Usage of raw or classic option list on input line 368.)
(/home/runner/work/_temp/setup-texlive-action/2024/texmf-dist/tex/latex/trimspaces/trimspaces.styPackage: trimspaces 2009/09/17 v1.1 Trim spaces around a token list)(/home/runner/work/_temp/setup-texlive-action/2024/texmf-dist/tex/latex/tools/shellesc.styPackage: shellesc 2023/07/08 v1.0d unified shell escape interface for LaTeXPackage shellesc Info: Restricted shell escape enabled on input line 77.)

\c@svg@param@lastpage=\count391
\svg@box=\box92
\c@svg@param@currpage=\count392)(/home/runner/work/_temp/setup-texlive-action/2024/texmf-dist/tex/latex/transparent/transparent.styPackage: transparent 2022-10-27 v1.5 Transparency with color stacks
(/home/runner/work/_temp/setup-texlive-action/2024/texmf-dist/tex/latex/transparent/transparent-nometadata.styPackage: transparent-nometadata 2022-10-27 v1.5 Transparency via pdfTeX's color stack (HO)
(/home/runner/work/_temp/setup-texlive-action/2024/texmf-dist/tex/latex/auxhook/auxhook.styPackage: auxhook 2019-12-17 v1.6 Hooks for auxiliary files (HO))))(/home/runner/work/_temp/setup-texlive-action/2024/texmf-dist/tex/latex/pgf/systemlayer/pgfsys.sty(/home/runner/work/_temp/setup-texlive-action/2024/texmf-dist/tex/latex/pgf/utilities/pgfrcs.sty(/home/runner/work/_temp/setup-texlive-action/2024/texmf-dist/tex/generic/pgf/utilities/pgfutil-common.tex
\pgfutil@everybye=\toks34
\pgfutil@tempdima=\dimen186
\pgfutil@tempdimb=\dimen187)(/home/runner/work/_temp/setup-texlive-action/2024/texmf-dist/tex/generic/pgf/utilities/pgfutil-latex.def
\pgfutil@abb=\box93)(/home/runner/work/_temp/setup-texlive-action/2024/texmf-dist/tex/generic/pgf/utilities/pgfrcs.code.tex(/home/runner/work/_temp/setup-texlive-action/2024/texmf-dist/tex/generic/pgf/pgf.revision.tex)Package: pgfrcs 2023-01-15 v3.1.10 (3.1.10)))(/home/runner/work/_temp/setup-texlive-action/2024/texmf-dist/tex/generic/pgf/systemlayer/pgfsys.code.texPackage: pgfsys 2023-01-15 v3.1.10 (3.1.10)
(/home/runner/work/_temp/setup-texlive-action/2024/texmf-dist/tex/generic/pgf/utilities/pgfkeys.code.tex
\pgfkeys@pathtoks=\toks35
\pgfkeys@temptoks=\toks36
(/home/runner/work/_temp/setup-texlive-action/2024/texmf-dist/tex/generic/pgf/utilities/pgfkeyslibraryfiltered.code.tex
\pgfkeys@tmptoks=\toks37))
\pgf@x=\dimen188
\pgf@y=\dimen189
\pgf@xa=\dimen190
\pgf@ya=\dimen191
\pgf@xb=\dimen192
\pgf@yb=\dimen193
\pgf@xc=\dimen194
\pgf@yc=\dimen195
\pgf@xd=\dimen196
\pgf@yd=\dimen197
\w@pgf@writea=\write4
\r@pgf@reada=\read4
\c@pgf@counta=\count393
\c@pgf@countb=\count394
\c@pgf@countc=\count395
\c@pgf@countd=\count396
\t@pgf@toka=\toks38
\t@pgf@tokb=\toks39
\t@pgf@tokc=\toks40
\pgf@sys@id@count=\count397
(/home/runner/work/_temp/setup-texlive-action/2024/texmf-dist/tex/generic/pgf/systemlayer/pgf.cfgFile: pgf.cfg 2023-01-15 v3.1.10 (3.1.10))Driver file for pgf: pgfsys-pdftex.def
(/home/runner/work/_temp/setup-texlive-action/2024/texmf-dist/tex/generic/pgf/systemlayer/pgfsys-pdftex.defFile: pgfsys-pdftex.def 2023-01-15 v3.1.10 (3.1.10)
(/home/runner/work/_temp/setup-texlive-action/2024/texmf-dist/tex/generic/pgf/systemlayer/pgfsys-common-pdf.defFile: pgfsys-common-pdf.def 2023-01-15 v3.1.10 (3.1.10))))(/home/runner/work/_temp/setup-texlive-action/2024/texmf-dist/tex/generic/pgf/systemlayer/pgfsyssoftpath.code.texFile: pgfsyssoftpath.code.tex 2023-01-15 v3.1.10 (3.1.10)
\pgfsyssoftpath@smallbuffer@items=\count398
\pgfsyssoftpath@bigbuffer@items=\count399)(/home/runner/work/_temp/setup-texlive-action/2024/texmf-dist/tex/generic/pgf/systemlayer/pgfsysprotocol.code.texFile: pgfsysprotocol.code.tex 2023-01-15 v3.1.10 (3.1.10)))(/home/runner/work/_temp/setup-texlive-action/2024/texmf-dist/tex/latex/base/inputenc.styPackage: inputenc 2024/02/08 v1.3d Input encoding file
\inpenc@prehook=\toks41
\inpenc@posthook=\toks42)(/home/runner/work/_temp/setup-texlive-action/2024/texmf-dist/tex/latex/varwidth/varwidth.styPackage: varwidth 2009/03/30 ver 0.92; Variable-width minipages
\@vwid@box=\box94
\sift@deathcycles=\count400
\@vwid@loff=\dimen198
\@vwid@roff=\dimen199)(/home/runner/work/_temp/setup-texlive-action/2024/texmf-dist/tex/latex/koma-script/scrextend.styPackage: scrextend 2023/07/07 v3.41 KOMA-Script package (extend other classes with features of KOMA-Script classes)
(/home/runner/work/_temp/setup-texlive-action/2024/texmf-dist/tex/latex/koma-script/scrkbase.styPackage: scrkbase 2023/07/07 v3.41 KOMA-Script package (KOMA-Script-dependent basics and keyval usage))
LaTeX Warning: Command \@footnotemark has changed.
 Check if current package is valid.

)(/home/runner/work/_temp/setup-texlive-action/2024/texmf-dist/tex/latex/colortbl/colortbl.styPackage: colortbl 2024/07/06 v1.0i Color table columns (DPC)
\everycr=\toks43
\minrowclearance=\skip87
\rownum=\count401)(/home/runner/work/_temp/setup-texlive-action/2024/texmf-dist/tex/latex/tablefootnote/tablefootnote.styPackage: tablefootnote 2014/01/26 v1.1c Table foot notes (HMM)
(/home/runner/work/_temp/setup-texlive-action/2024/texmf-dist/tex/latex/letltxmacro/letltxmacro.styPackage: letltxmacro 2019/12/03 v1.6 Let assignment for LaTeX macros (HO))(/home/runner/work/_temp/setup-texlive-action/2024/texmf-dist/tex/latex/xifthen/xifthen.styPackage: xifthen 2015/11/05 v1.4.0 Extended ifthen features
(/home/runner/work/_temp/setup-texlive-action/2024/texmf-dist/tex/latex/tools/calc.styPackage: calc 2023/07/08 v4.3 Infix arithmetic (KKT,FJ)
\calc@Acount=\count402
\calc@Bcount=\count403
\calc@Adimen=\dimen256
\calc@Bdimen=\dimen257
\calc@Askip=\skip88
\calc@Bskip=\skip89LaTeX Info: Redefining \setlength on input line 80.
LaTeX Info: Redefining \addtolength on input line 81.

\calc@Ccount=\count404
\calc@Cskip=\skip90)(/home/runner/work/_temp/setup-texlive-action/2024/texmf-dist/tex/latex/ifmtarg/ifmtarg.styPackage: ifmtarg 2018/04/16 v1.2b check for an empty argument)))(/home/runner/work/_temp/setup-texlive-action/2024/texmf-dist/tex/latex/tools/xspace.styPackage: xspace 2014/10/28 v1.13 Space after command names (DPC,MH))
LaTeX Warning: \include should only be used after \begin{document} on input line 32.

(./variables.tex(/home/runner/work/_temp/setup-texlive-action/2024/texmf-dist/tex/latex/makecell/makecell.styPackage: makecell 2009/08/03 V0.1e Managing of Tab Column Heads and Cells
\rotheadsize=\dimen258
\c@nlinenum=\count405
\TeXr@lab=\toks44))Class revtex4-1 Info: colortbl package is loaded. (Proceeding with fingers crossed.) on input line 36.
Class revtex4-1 Info: Patching unrecognized longtable package. (Proceeding with fingers crossed) on input line 36.
Class revtex4-1 Info: cite was not loaded (OK!) on input line 36.
Class revtex4-1 Info: mcite was not loaded (OK!) on input line 36.
Class revtex4-1 Info: multicol was not loaded (OK!) on input line 36.

(/home/runner/work/_temp/setup-texlive-action/2024/texmf-dist/tex/latex/l3backend/l3backend-pdftex.defFile: l3backend-pdftex.def 2024-05-08 L3 backend support: PDF output (pdfTeX)
\l__color_backend_stack_int=\count406
\l__pdf_internal_box=\box95) (./main.aux)
\openout1 = `main.aux'.

LaTeX Font Info: Checking defaults for OML/cmm/m/it on input line 36.
LaTeX Font Info: ... okay on input line 36.
LaTeX Font Info: Checking defaults for OMS/cmsy/m/n on input line 36.
LaTeX Font Info: ... okay on input line 36.
LaTeX Font Info: Checking defaults for OT1/cmr/m/n on input line 36.
LaTeX Font Info: ... okay on input line 36.
LaTeX Font Info: Checking defaults for T1/cmr/m/n on input line 36.
LaTeX Font Info: ... okay on input line 36.
LaTeX Font Info: Checking defaults for TS1/cmr/m/n on input line 36.
LaTeX Font Info: ... okay on input line 36.
LaTeX Font Info: Checking defaults for OMX/cmex/m/n on input line 36.
LaTeX Font Info: ... okay on input line 36.
LaTeX Font Info: Checking defaults for U/cmr/m/n on input line 36.
LaTeX Font Info: ... okay on input line 36.
LaTeX Font Info: Checking defaults for PD1/pdf/m/n on input line 36.
LaTeX Font Info: ... okay on input line 36.
LaTeX Font Info: Checking defaults for PU/pdf/m/n on input line 36.
LaTeX Font Info: ... okay on input line 36.

(/home/runner/work/_temp/setup-texlive-action/2024/texmf-dist/tex/context/base/mkii/supp-pdf.mkii[Loading MPS to PDF converter (version 2006.09.02).]
\scratchcounter=\count407
\scratchdimen=\dimen259
\scratchbox=\box96
\nofMPsegments=\count408
\nofMParguments=\count409
\everyMPshowfont=\toks45
\MPscratchCnt=\count410
\MPscratchDim=\dimen260
\MPnumerator=\count411
\makeMPintoPDFobject=\count412
\everyMPtoPDFconversion=\toks46)(/home/runner/work/_temp/setup-texlive-action/2024/texmf-dist/tex/latex/epstopdf-pkg/epstopdf-base.styPackage: epstopdf-base 2020-01-24 v2.11 Base part for package epstopdfPackage epstopdf-base Info: Redefining graphics rule for `.eps' on input line 485.

(/home/runner/work/_temp/setup-texlive-action/2024/texmf-dist/tex/latex/latexconfig/epstopdf-sys.cfgFile: epstopdf-sys.cfg 2010/07/13 v1.3 Configuration of (r)epstopdf for TeX Live))(/home/runner/work/_temp/setup-texlive-action/2024/texmf-dist/tex/latex/lineno/lineno.styPackage: lineno 2023/05/20 line numbers on paragraphs v5.3
\linenopenalty=\count413
\output=\toks47
\linenoprevgraf=\count414
\linenumbersep=\dimen261
\linenumberwidth=\dimen262
\c@linenumber=\count415
\c@pagewiselinenumber=\count416
\c@LN@truepage=\count417
\c@internallinenumber=\count418
\c@internallinenumbers=\count419
\quotelinenumbersep=\dimen263
\bframerule=\dimen264
\bframesep=\dimen265
\bframebox=\box97
\linenoamsmath@ams@eqpen=\count420LaTeX Info: Redefining \\ on input line 3180.)
Package hyperref Info: Link coloring ON on input line 36.
 (./main.out) (./main.out)
\@outlinefile=\write5
\openout5 = `main.out'.

(/home/runner/work/_temp/setup-texlive-action/2024/texmf-dist/tex/latex/fmtcount/fc-english.defFile: fc-english.def 2016/01/12)Class revtex4-1 Info: Overriding lineo.sty, restoring output routine, on input line 36.
Class revtex4-1 Info: Line numbering not turned on yet on input line 36.
Class revtex4-1 Info: Overriding \@LN@LLerror on input line 36.
LaTeX Font Info: Trying to load font information for U+lasy on input line 38.

(/home/runner/work/_temp/setup-texlive-action/2024/texmf-dist/tex/latex/base/ulasy.fdFile: ulasy.fd 1998/08/17 v2.2e LaTeX symbol font definitions)LaTeX Font Info: Trying to load font information for U+msa on input line 38.

(/home/runner/work/_temp/setup-texlive-action/2024/texmf-dist/tex/latex/amsfonts/umsa.fdFile: umsa.fd 2013/01/14 v3.01 AMS symbols A)LaTeX Font Info: Trying to load font information for U+msb on input line 38.

(/home/runner/work/_temp/setup-texlive-action/2024/texmf-dist/tex/latex/amsfonts/umsb.fdFile: umsb.fd 2013/01/14 v3.01 AMS symbols B)Overfull \hbox (15.35526pt too wide) in paragraph at lines 52--52[][]| $[]$ [][][]| []
LaTeX Warning: File `NGC5084_6dF_spectra_comp.pn' not found on input line 74.

./main.tex:74: LaTeX Error: Unknown graphics extension: .pn.

See the LaTeX manual or LaTeX Companion for explanation.
Type H <return> for immediate help.
 ...
l.74 ...h=\textwidth]{NGC5084_6dF_spectra_comp.pn} Try typing <return> to proceed.
If that doesn't work, type X <return> to quit.

./main.tex:100: Undefined control sequence.
l.100 \pam The control sequence at the end of the top lineof your error message was never \def'ed. If you havemisspelled it (e.g., `\hobx'), type `I' and the correctspelling (e.g., `I\hbox'). Otherwise just continue,and I'll forget about whatever was undefined.

Package natbib Warning: Citation `johnson2022' on page 1 undefined on input line 103.

LaTeX Warning: Reference `fig' on page 1 undefined on input line 106.

LaTeX Warning: File `NGC5084_spectra_regions_wide.pn' not found on input line 118.

./main.tex:118: LaTeX Error: Unknown graphics extension: .pn.

See the LaTeX manual or LaTeX Companion for explanation.
Type H <return> for immediate help.
 ...
l.118 ...t=8.5cm]{NGC5084_spectra_regions_wide.pn}
\includegraphics[trim={0 0...

Try typing <return> to proceed.
If that doesn't work, type X <return> to quit.

<NGC5084_regions_core.png, id=48, 650.43pt x 578.16pt>File: NGC5084_regions_core.png Graphic file (type png)<use NGC5084_regions_core.png>Package pdftex.def Info: NGC5084_regions_core.png used on input line 118.
(pdftex.def) Requested size: 272.07709pt x 241.84842pt.
[1{/home/runner/work/_temp/setup-texlive-action/2024/texmf-var/fonts/map/pdftex/updmap/pdftex.map}] (./main.bbl [2 <./NGC5084_regions_core.png>]./main.bbl:36: Undefined control sequence.
l.36 ...o}, P., {Duriscoe}, D., {et~al.} 2016, \an , 2, e1600377,The control sequence at the end of the top lineof your error message was never \def'ed. If you havemisspelled it (e.g., `\hobx'), type `I' and the correctspelling (e.g., `I\hbox'). Otherwise just continue,and I'll forget about whatever was undefined.

)./main.tex:144: You can't use `macro parameter character #' in vertical mode.
l.144 # =================================== ERROR #6 Package natbib Warning:...
Sorry, but I'm not programmed to handle this case;I'll just pretend that you didn't ask for it.
If you're in the wrong mode, you might be able toreturn to the right one by typing `I}' or `I$' or `I\par'.

[3]./main.tex:144: You can't use `macro parameter character #' in horizontal mode.
l.144 ...================================= ERROR # 6 Package natbib Warning: ...
Sorry, but I'm not programmed to handle this case;I'll just pretend that you didn't ask for it.
If you're in the wrong mode, you might be able toreturn to the right one by typing `I}' or `I$' or `I\par'.

Package natbib Warning: There were undefined citations.

[4]
./main.tex:145: LaTeX Error: \begin{center} on input line 57 ended by \end{document}.

See the LaTeX manual or LaTeX Companion for explanation.
Type H <return> for immediate help.
 ...
l.145 \end{document} Your command was ignored.
Type I <command> <return> to replace it with another command,or <return> to continue without it.

(./main.aux) ***********LaTeX2e <2024-06-01> patch level 2L3 programming layer <2024-08-16> ***********
LaTeX Warning: There were undefined references.

Package rerunfilecheck Info: File `main.out' has not changed.
(rerunfilecheck) Checksum: 2EE6A30982CBEED9F09941601F569C7D;655.)
(\end occurred inside a group at level 2)
### semi simple group (level 2) entered at line 57 (\begingroup)### simple group (level 1) entered at line 38 ({)### bottom level Here is how much of TeX's memory you used: 18371 strings out of 475496 304609 string characters out of 5773495 1943957 words of memory out of 5000000 40645 multiletter control sequences out of 15000+600000 571417 words of font info for 89 fonts, out of 8000000 for 9000 36 hyphenation exceptions out of 8191 94i,8n,93p,986b,850s stack positions out of 10000i,1000n,20000p,200000b,200000s</home/runner/work/_temp/setup-texlive-action/2024/texmf-dist/fonts/type1/public/amsfonts/cm/cmbx10.pfb></home/runner/work/_temp/setup-texlive-action/2024/texmf-dist/fonts/type1/public/amsfonts/cm/cmbx12.pfb></home/runner/work/_temp/setup-texlive-action/2024/texmf-dist/fonts/type1/public/amsfonts/cm/cmcsc10.pfb></home/runner/work/_temp/setup-texlive-action/2024/texmf-dist/fonts/type1/public/amsfonts/cm/cmmi10.pfb></home/runner/work/_temp/setup-texlive-action/2024/texmf-dist/fonts/type1/public/amsfonts/cm/cmr10.pfb></home/runner/work/_temp/setup-texlive-action/2024/texmf-dist/fonts/type1/public/amsfonts/cm/cmr12.pfb></home/runner/work/_temp/setup-texlive-action/2024/texmf-dist/fonts/type1/public/amsfonts/cm/cmr7.pfb></home/runner/work/_temp/setup-texlive-action/2024/texmf-dist/fonts/type1/public/amsfonts/cm/cmr8.pfb></home/runner/work/_temp/setup-texlive-action/2024/texmf-dist/fonts/type1/public/amsfonts/cm/cmsy7.pfb></home/runner/work/_temp/setup-texlive-action/2024/texmf-dist/fonts/type1/public/amsfonts/cm/cmsy8.pfb></home/runner/work/_temp/setup-texlive-action/2024/texmf-dist/fonts/type1/public/amsfonts/cm/cmti10.pfb></home/runner/work/_temp/setup-texlive-action/2024/texmf-dist/fonts/type1/public/amsfonts/cm/cmti12.pfb>Output written on main.pdf (4 pages, 510249 bytes).
PDF statistics: 157 PDF objects out of 1000 (max. 8388607) 122 compressed objects within 2 object streams 21 named destinations out of 1000 (max. 500000) 72 words of extra memory for PDF output out of 10000 (max. 10000000)
