This is pdfTeX, Version 3.141592653-2.6-1.40.24 (TeX Live 2022) (preloaded format=pdflatex 2025.1.27)  27 JAN 2025 08:37
entering extended mode
 restricted \write18 enabled.
 file:line:error style messages enabled.
 %&-line parsing enabled.
**myPaper.tex
(./myPaper.tex
LaTeX2e <2022-11-01> patch level 1
L3 programming layer <2023-02-22> (./CORE-AAS/aastex631.cls

LaTeX Warning: You have requested document class `CORE-AAS/aastex631',
               but the document class provides `aastex631'.

Document Class: aastex631 2020/12/20 Version 6.3.1d/AAS markup document class
Class aastex Info: 
 
 Original \LaTeX2.09 style by Chris Biemesderfer (chris@seagoat.com). 
 Adapted to \LaTeXe by A. Ogawa (ogawa@teleport.com)
 emulateapj.cls included, Copyright 2000-2015 Alexey Vikhlinin 
 Rewrite and update of emulateapj.cls, revised and enhanced with table macros, 
gridlines, draft watermark,
 track changes, new `modern' style and much more, by Amy Hendrickson,
 (amyh@texnology.com, http://www.texnology.com) 
 
  on input line 106.
\bibbaselineskip=\skip48

(/home/runner/work/_temp/setup-texlive-action/2022/texmf-dist/tex/latex/revtex4
-1/revtex4-1.cls
Document Class: revtex4-1 2020/09/30 4.1s (http://publish.aps.org/revtex4/ for 
documentation)
 Copyright (c) 2009 The American Physical Society.
 mailto:revtex@aps.org
 Licensed under the LPPL:
http://www.ctan.org/tex-archive/macros/latex/base/lppl.txt
 Arthur Ogawa <arthur_ogawa at sbcglobal dot net>
 Based on work by David Carlisle <david at dcarlisle.demon.co.uk>.
ltxutil[2020/09/30 4.1s utilities package (portions licensed from W. E. Baxter 
web at superscript.com)]
LaTeX Info: Redefining \@centercr on input line 346.
Class revtex4-1 Info: Repairing hyperref-unfriendly LaTeX definition of \mpfoot
note on input line 471.
Class revtex4-1 Info: Repairing broken LateX \@sect on input line 793.
\intertabularlinepenalty=\count185
\@tbpen=\count186
\@arstrutbox@hline=\box51
Class revtex4-1 Info: Repairing broken LaTeX \@xbitor on input line 1824.
Class revtex4-1 Info: Making \typeout \long on input line 2089.
ltxfront[2020/09/30 4.1s frontmatter package (AO,DPC)]
\c@affil=\count187
\c@collab=\count188
\absbox=\box52
ltxgrid[2020/09/30 4.1s page grid package (portions licensed from W. E. Baxter 
web at superscript.com)]
\c@linecount=\count189
\output@latex=\toks16
\box@size@1=\box53
\box@size@2=\box54
\@protection@box=\box55
\@topmark@saved=\toks17
\footins@saved=\box56
\footins@recovered=\box57
\column@recovered=\box58
\pagesofar=\box59
\footsofar=\box60
\pagegrid@col=\count190
Class revtex4-1 Info: Overriding \@vspace, \@vspacer, \@no@pgbk, \@newline, and
 \\  on input line 5655.
\c@part=\count191
\c@section=\count192
\c@subsection=\count193
\c@subsubsection=\count194
\c@paragraph=\count195
\c@subparagraph=\count196
\abovecaptionskip=\skip49
\belowcaptionskip=\skip50
\c@figure=\count197
\fbox@1=\box61
\c@table=\count198
\fbox@2=\box62
\c@video=\count199
\fbox@4=\box63
\@bibdataout=\write3
\widetext@top=\box64
\widetext@bot=\box65
Class revtex4-1 Info: Selecting society aps on input line 7616.

(/home/runner/work/_temp/setup-texlive-action/2022/texmf-dist/tex/latex/revtex4
-1/aps4-1.rtx
File: aps4-1 2020/09/30 4.1s (http://publish.aps.org/revtex4/ for documentation
)
Class revtex4-1 Info: RevTeX society APS selected on input line 31.
)
Class revtex4-1 Info: Selecting journal pra on input line 7618.
Class revtex4-1 Info: APS journal PRA selected on input line 7619.

(/home/runner/work/_temp/setup-texlive-action/2022/texmf-dist/tex/latex/revtex4
-1/aps10pt4-1.rtx
File: aps10pt4-1 2020/09/30 4.1s (http://publish.aps.org/revtex4/ for documenta
tion)
Class revtex4-1 Info: RevTeX pointsize 10pt selected on input line 30.
)
(/home/runner/work/_temp/setup-texlive-action/2022/texmf-dist/tex/latex/textcas
e/textcase.sty
Package: textcase 2022/07/10 v1.03 Text only upper/lower case changing (DPC)
Package textcase Info: Defining Legacy names on input line 20.
)
(/home/runner/work/_temp/setup-texlive-action/2022/texmf-dist/tex/latex/url/url
.sty
\Urlmuskip=\muskip16
Package: url 2013/09/16  ver 3.4  Verb mode for urls, etc.
)
(/home/runner/work/_temp/setup-texlive-action/2022/texmf-dist/tex/latex/natbib/
natbib.sty
Package: natbib 2010/09/13 8.31b (PWD, AO)
\bibhang=\skip51
\bibsep=\skip52
LaTeX Info: Redefining \cite on input line 694.
\c@NAT@ctr=\count266
)
Class revtex4-1 Info: Repairing natbib's \BibitemShut on input line 7623.

(/home/runner/work/_temp/setup-texlive-action/2022/texmf-dist/tex/latex/revtex4
-1/revsymb4-1.sty
Package: revsymb4-1 2020/09/30 4.1s (http://publish.aps.org/revtex4/ for docume
ntation)
LaTeX Info: Redefining \REV@mathfrak on input line 119.
))
(/home/runner/work/_temp/setup-texlive-action/2022/texmf-dist/tex/latex/base/la
texsym.sty
Package: latexsym 1998/08/17 v2.2e Standard LaTeX package (lasy symbols)
\symlasy=\mathgroup4
LaTeX Font Info:    Overwriting symbol font `lasy' in version `bold'
(Font)                  U/lasy/m/n --> U/lasy/b/n on input line 52.
)
(/home/runner/work/_temp/setup-texlive-action/2022/texmf-dist/tex/latex/graphic
s/graphicx.sty
Package: graphicx 2021/09/16 v1.2d Enhanced LaTeX Graphics (DPC,SPQR)

(/home/runner/work/_temp/setup-texlive-action/2022/texmf-dist/tex/latex/graphic
s/keyval.sty
Package: keyval 2022/05/29 v1.15 key=value parser (DPC)
\KV@toks@=\toks18
)
(/home/runner/work/_temp/setup-texlive-action/2022/texmf-dist/tex/latex/graphic
s/graphics.sty
Package: graphics 2022/03/10 v1.4e Standard LaTeX Graphics (DPC,SPQR)

(/home/runner/work/_temp/setup-texlive-action/2022/texmf-dist/tex/latex/graphic
s/trig.sty
Package: trig 2021/08/11 v1.11 sin cos tan (DPC)
)
(/home/runner/work/_temp/setup-texlive-action/2022/texmf-dist/tex/latex/graphic
s-cfg/graphics.cfg
File: graphics.cfg 2016/06/04 v1.11 sample graphics configuration
)
Package graphics Info: Driver file: pdftex.def on input line 107.

(/home/runner/work/_temp/setup-texlive-action/2022/texmf-dist/tex/latex/graphic
s-def/pdftex.def
File: pdftex.def 2022/09/22 v1.2b Graphics/color driver for pdftex
))
\Gin@req@height=\dimen140
\Gin@req@width=\dimen141
)
(/home/runner/work/_temp/setup-texlive-action/2022/texmf-dist/tex/latex/amsfont
s/amssymb.sty
Package: amssymb 2013/01/14 v3.01 AMS font symbols

(/home/runner/work/_temp/setup-texlive-action/2022/texmf-dist/tex/latex/amsfont
s/amsfonts.sty
Package: amsfonts 2013/01/14 v3.01 Basic AMSFonts support
\@emptytoks=\toks19
\symAMSa=\mathgroup5
\symAMSb=\mathgroup6
LaTeX Font Info:    Redeclaring math symbol \hbar on input line 98.
LaTeX Font Info:    Overwriting math alphabet `\mathfrak' in version `bold'
(Font)                  U/euf/m/n --> U/euf/b/n on input line 106.
LaTeX Info: Redefining \frak on input line 111.
LaTeX Info: Redefining \Bbb on input line 113.
))
(/home/runner/work/_temp/setup-texlive-action/2022/texmf-dist/tex/generic/epsf/
epsf.sty
This is `epsf.tex' v2.7.4 <14 February 2011>
\epsffilein=\read2
\epsfframemargin=\dimen142
\epsfframethickness=\dimen143
\epsfrsize=\dimen144
\epsftmp=\dimen145
\epsftsize=\dimen146
\epsfxsize=\dimen147
\epsfysize=\dimen148
\pspoints=\dimen149
)
\rptnum=\count267
\rptloopnum=\count268
\fncount=\count269
\endfncount=\count270
\c@front@matter@foot@note=\count271
\keys@width=\skip53
\c@lastfootnote=\count272
\tempsectnum=\count273
\ackbox=\box66
\c@remember@figure@num=\count274
\c@remember@table@num=\count275
\bibskip=\skip54
\bibindent=\dimen150
\plot@width=\skip55
\c@table@save=\count276
\@abovenoteskip=\dimen151
\table@note@skip=\skip56
\deluxe@table@width=\skip57
\@d@t@a=\skip58
\c@deluxe@table@num=\count277
\LTcapwidth=\dimen152
\abovedeluxetableskip=\skip59
\belowdeluxetableskip=\skip60
\lastrowheight=\dimen153
\DT@p@ftn=\toks20
\pt@column=\count278
\pt@ncol=\count279

(/home/runner/work/_temp/setup-texlive-action/2022/texmf-dist/tex/latex/tools/l
ongtable.sty
Package: longtable 2021-09-01 v4.17 Multi-page Table package (DPC)
\LTleft=\skip61
\LTright=\skip62
\LTpre=\skip63
\LTpost=\skip64
\LTchunksize=\count280
\LTcapwidth=\dimen154
\LT@head=\box67
\LT@firsthead=\box68
\LT@foot=\box69
\LT@lastfoot=\box70
\LT@gbox=\box71
\LT@cols=\count281
\LT@rows=\count282
\c@LT@tables=\count283
\c@LT@chunks=\count284
\LT@p@ftn=\toks21
)
(/home/runner/work/_temp/setup-texlive-action/2022/texmf-dist/tex/latex/xcolor/
xcolor.sty
Package: xcolor 2022/06/12 v2.14 LaTeX color extensions (UK)

(/home/runner/work/_temp/setup-texlive-action/2022/texmf-dist/tex/latex/graphic
s-cfg/color.cfg
File: color.cfg 2016/01/02 v1.6 sample color configuration
)
Package xcolor Info: Driver file: pdftex.def on input line 227.

(/home/runner/work/_temp/setup-texlive-action/2022/texmf-dist/tex/latex/graphic
s/mathcolor.ltx)
Package xcolor Info: Model `cmy' substituted by `cmy0' on input line 1353.
Package xcolor Info: Model `hsb' substituted by `rgb' on input line 1357.
Package xcolor Info: Model `RGB' extended on input line 1369.
Package xcolor Info: Model `HTML' substituted by `rgb' on input line 1371.
Package xcolor Info: Model `Hsb' substituted by `hsb' on input line 1372.
Package xcolor Info: Model `tHsb' substituted by `hsb' on input line 1373.
Package xcolor Info: Model `HSB' substituted by `hsb' on input line 1374.
Package xcolor Info: Model `Gray' substituted by `gray' on input line 1375.
Package xcolor Info: Model `wave' substituted by `hsb' on input line 1376.
)
(/home/runner/work/_temp/setup-texlive-action/2022/texmf-dist/tex/latex/hyperre
f/hyperref.sty
Package: hyperref 2023-02-07 v7.00v Hypertext links for LaTeX

(/home/runner/work/_temp/setup-texlive-action/2022/texmf-dist/tex/generic/ltxcm
ds/ltxcmds.sty
Package: ltxcmds 2020-05-10 v1.25 LaTeX kernel commands for general use (HO)
)
(/home/runner/work/_temp/setup-texlive-action/2022/texmf-dist/tex/generic/iftex
/iftex.sty
Package: iftex 2022/02/03 v1.0f TeX engine tests
)
(/home/runner/work/_temp/setup-texlive-action/2022/texmf-dist/tex/generic/pdfte
xcmds/pdftexcmds.sty
Package: pdftexcmds 2020-06-27 v0.33 Utility functions of pdfTeX for LuaTeX (HO
)

(/home/runner/work/_temp/setup-texlive-action/2022/texmf-dist/tex/generic/infwa
rerr/infwarerr.sty
Package: infwarerr 2019/12/03 v1.5 Providing info/warning/error messages (HO)
)
Package pdftexcmds Info: \pdf@primitive is available.
Package pdftexcmds Info: \pdf@ifprimitive is available.
Package pdftexcmds Info: \pdfdraftmode found.
)
(/home/runner/work/_temp/setup-texlive-action/2022/texmf-dist/tex/latex/kvsetke
ys/kvsetkeys.sty
Package: kvsetkeys 2022-10-05 v1.19 Key value parser (HO)
)
(/home/runner/work/_temp/setup-texlive-action/2022/texmf-dist/tex/generic/kvdef
inekeys/kvdefinekeys.sty
Package: kvdefinekeys 2019-12-19 v1.6 Define keys (HO)
)
(/home/runner/work/_temp/setup-texlive-action/2022/texmf-dist/tex/generic/pdfes
cape/pdfescape.sty
Package: pdfescape 2019/12/09 v1.15 Implements pdfTeX's escape features (HO)
)
(/home/runner/work/_temp/setup-texlive-action/2022/texmf-dist/tex/latex/hycolor
/hycolor.sty
Package: hycolor 2020-01-27 v1.10 Color options for hyperref/bookmark (HO)
)
(/home/runner/work/_temp/setup-texlive-action/2022/texmf-dist/tex/latex/letltxm
acro/letltxmacro.sty
Package: letltxmacro 2019/12/03 v1.6 Let assignment for LaTeX macros (HO)
)
(/home/runner/work/_temp/setup-texlive-action/2022/texmf-dist/tex/latex/auxhook
/auxhook.sty
Package: auxhook 2019-12-17 v1.6 Hooks for auxiliary files (HO)
)
(/home/runner/work/_temp/setup-texlive-action/2022/texmf-dist/tex/latex/hyperre
f/nameref.sty
Package: nameref 2022-05-17 v2.50 Cross-referencing by name of section

(/home/runner/work/_temp/setup-texlive-action/2022/texmf-dist/tex/latex/refcoun
t/refcount.sty
Package: refcount 2019/12/15 v3.6 Data extraction from label references (HO)
)
(/home/runner/work/_temp/setup-texlive-action/2022/texmf-dist/tex/generic/getti
tlestring/gettitlestring.sty
Package: gettitlestring 2019/12/15 v1.6 Cleanup title references (HO)

(/home/runner/work/_temp/setup-texlive-action/2022/texmf-dist/tex/latex/kvoptio
ns/kvoptions.sty
Package: kvoptions 2022-06-15 v3.15 Key value format for package options (HO)
))
\c@section@level=\count285
)
\@linkdim=\dimen155
\Hy@linkcounter=\count286
\Hy@pagecounter=\count287

(/home/runner/work/_temp/setup-texlive-action/2022/texmf-dist/tex/latex/hyperre
f/pd1enc.def
File: pd1enc.def 2023-02-07 v7.00v Hyperref: PDFDocEncoding definition (HO)
Now handling font encoding PD1 ...
... no UTF-8 mapping file for font encoding PD1
)
(/home/runner/work/_temp/setup-texlive-action/2022/texmf-dist/tex/generic/intca
lc/intcalc.sty
Package: intcalc 2019/12/15 v1.3 Expandable calculations with integers (HO)
)
(/home/runner/work/_temp/setup-texlive-action/2022/texmf-dist/tex/generic/etexc
mds/etexcmds.sty
Package: etexcmds 2019/12/15 v1.7 Avoid name clashes with e-TeX commands (HO)
)
\Hy@SavedSpaceFactor=\count288

(/home/runner/work/_temp/setup-texlive-action/2022/texmf-dist/tex/latex/hyperre
f/puenc.def
File: puenc.def 2023-02-07 v7.00v Hyperref: PDF Unicode definition (HO)
Now handling font encoding PU ...
... no UTF-8 mapping file for font encoding PU
)
Package hyperref Info: Option `bookmarks' set `true' on input line 4060.
Package hyperref Info: Option `pdfnewwindow' set `true' on input line 4060.
Package hyperref Info: Option `colorlinks' set `true' on input line 4060.
Package hyperref Info: Option `final' set `true' on input line 4060.
Package hyperref Info: Hyper figures OFF on input line 4177.
Package hyperref Info: Link nesting OFF on input line 4182.
Package hyperref Info: Hyper index ON on input line 4185.
Package hyperref Info: Plain pages OFF on input line 4192.
Package hyperref Info: Backreferencing OFF on input line 4197.
Package hyperref Info: Implicit mode ON; LaTeX internals redefined.
Package hyperref Info: Bookmarks ON on input line 4425.
LaTeX Info: Redefining \href on input line 4674.
\c@Hy@tempcnt=\count289
LaTeX Info: Redefining \url on input line 4763.
\XeTeXLinkMargin=\dimen156

(/home/runner/work/_temp/setup-texlive-action/2022/texmf-dist/tex/generic/bitse
t/bitset.sty
Package: bitset 2019/12/09 v1.3 Handle bit-vector datatype (HO)

(/home/runner/work/_temp/setup-texlive-action/2022/texmf-dist/tex/generic/bigin
tcalc/bigintcalc.sty
Package: bigintcalc 2019/12/15 v1.5 Expandable calculations on big integers (HO
)
))
\Fld@menulength=\count290
\Field@Width=\dimen157
\Fld@charsize=\dimen158
Package hyperref Info: Hyper figures OFF on input line 6042.
Package hyperref Info: Link nesting OFF on input line 6047.
Package hyperref Info: Hyper index ON on input line 6050.
Package hyperref Info: backreferencing OFF on input line 6057.
Package hyperref Info: Link coloring ON on input line 6060.
Package hyperref Info: Link coloring with OCG OFF on input line 6067.
Package hyperref Info: PDF/A mode OFF on input line 6072.

(/home/runner/work/_temp/setup-texlive-action/2022/texmf-dist/tex/latex/base/at
begshi-ltx.sty
Package: atbegshi-ltx 2021/01/10 v1.0c Emulation of the original atbegshi
package with kernel methods
)
\Hy@abspage=\count291
\c@Item=\count292
\c@Hfootnote=\count293
)
Package hyperref Info: Driver (autodetected): hpdftex.

(/home/runner/work/_temp/setup-texlive-action/2022/texmf-dist/tex/latex/hyperre
f/hpdftex.def
File: hpdftex.def 2023-02-07 v7.00v Hyperref driver for pdfTeX

(/home/runner/work/_temp/setup-texlive-action/2022/texmf-dist/tex/latex/base/at
veryend-ltx.sty
Package: atveryend-ltx 2020/08/19 v1.0a Emulation of the original atveryend pac
kage
with kernel methods
)
\Fld@listcount=\count294
\c@bookmark@seq@number=\count295

(/home/runner/work/_temp/setup-texlive-action/2022/texmf-dist/tex/latex/rerunfi
lecheck/rerunfilecheck.sty
Package: rerunfilecheck 2022-07-10 v1.10 Rerun checks for auxiliary files (HO)

(/home/runner/work/_temp/setup-texlive-action/2022/texmf-dist/tex/generic/uniqu
ecounter/uniquecounter.sty
Package: uniquecounter 2019/12/15 v1.4 Provide unlimited unique counter (HO)
)
Package uniquecounter Info: New unique counter `rerunfilecheck' on input line 2
85.
)
\Hy@SectionHShift=\skip65
)
(/home/runner/work/_temp/setup-texlive-action/2022/texmf-dist/tex/latex/tools/a
rray.sty
Package: array 2022/09/04 v2.5g Tabular extension package (FMi)
\col@sep=\dimen159
\ar@mcellbox=\box72
\extrarowheight=\dimen160
\NC@list=\toks22
\extratabsurround=\skip66
\backup@length=\skip67
\ar@cellbox=\box73
)
\colcount=\count296
\firstcolcount=\count297
\secondcolcount=\count298
\thirdcolcount=\count299
\columncount=\count300
\howmanyDs=\count301
\firsthowmanyDs=\count302
\secondhowmanyDs=\count303
\PartsOfTable=\count304
\columnoneandtwo=\count305
\colnumsused=\count306
\loopnum=\count307
\totalcolumncount=\count308
\totalcolumns=\count309
\firsttablebox=\box74
\secondtablebox=\box75
\thirdtablebox=\box76
\longtablebox=\box77
\splitbox=\box78
\movetabledown=\dimen161
\maxtablewidth=\dimen162
\savetabskip=\dimen163
\tempcounter=\count310
\colheadcount=\count311
\rotatetablebox=\box79
\colorcount=\count312
\editnum=\count313
\refchangenumber=\count314
\listchangenum=\count315

(/home/runner/work/_temp/setup-texlive-action/2022/texmf-dist/tex/generic/ulem/
ulem.sty
\UL@box=\box80
\UL@hyphenbox=\box81
\UL@skip=\skip68
\UL@hook=\toks23
\UL@height=\dimen164
\UL@pe=\count316
\UL@pixel=\dimen165
\ULC@box=\box82
Package: ulem 2019/11/18
\ULdepth=\dimen166
)
\entriesinthiscollab=\count317
\allentries=\count318
\AuthorCollaborationLimit=\count319
\largestAffilNum=\count320
\totalentries=\count321
\docollabnum=\count322
\tempauthornumber=\count323
\countauthors=\count324
\testnum=\count325
\tempauthorminusone=\count326
\affilnum=\count327
\c@affilcount=\count328
\numauthors=\count329
\collabnum=\count330
\collabnamebox=\box83
\widetext@top=\box84
\widetext@bot=\box85
\currwidth=\dimen167
\interactbox=\box86
\movetableright=\dimen168
) (./FUpackages.sty
(/home/runner/work/_temp/setup-texlive-action/2022/texmf-dist/tex/latex/amsmath
/amsmath.sty
Package: amsmath 2022/04/08 v2.17n AMS math features
\@mathmargin=\skip69

For additional information on amsmath, use the `?' option.

(/home/runner/work/_temp/setup-texlive-action/2022/texmf-dist/tex/latex/amsmath
/amstext.sty
Package: amstext 2021/08/26 v2.01 AMS text

(/home/runner/work/_temp/setup-texlive-action/2022/texmf-dist/tex/latex/amsmath
/amsgen.sty
File: amsgen.sty 1999/11/30 v2.0 generic functions
\@emptytoks=\toks24
\ex@=\dimen169
)
LaTeX Info: Redefining \text on input line 28.
)
(/home/runner/work/_temp/setup-texlive-action/2022/texmf-dist/tex/latex/amsmath
/amsbsy.sty
Package: amsbsy 1999/11/29 v1.2d Bold Symbols
\pmbraise@=\dimen170
)
(/home/runner/work/_temp/setup-texlive-action/2022/texmf-dist/tex/latex/amsmath
/amsopn.sty
Package: amsopn 2022/04/08 v2.04 operator names
)
\inf@bad=\count331
LaTeX Info: Redefining \frac on input line 234.
\uproot@=\count332
\leftroot@=\count333
LaTeX Info: Redefining \overline on input line 399.
LaTeX Info: Redefining \colon on input line 410.
\classnum@=\count334
\DOTSCASE@=\count335
LaTeX Info: Redefining \ldots on input line 496.
LaTeX Info: Redefining \dots on input line 499.
LaTeX Info: Redefining \cdots on input line 620.
\Mathstrutbox@=\box87
\strutbox@=\box88
LaTeX Info: Redefining \big on input line 722.
LaTeX Info: Redefining \Big on input line 723.
LaTeX Info: Redefining \bigg on input line 724.
LaTeX Info: Redefining \Bigg on input line 725.
\big@size=\dimen171
LaTeX Font Info:    Redeclaring font encoding OML on input line 743.
LaTeX Font Info:    Redeclaring font encoding OMS on input line 744.
\macc@depth=\count336
LaTeX Info: Redefining \bmod on input line 905.
LaTeX Info: Redefining \pmod on input line 910.
LaTeX Info: Redefining \smash on input line 940.
LaTeX Info: Redefining \relbar on input line 970.
LaTeX Info: Redefining \Relbar on input line 971.
\c@MaxMatrixCols=\count337
\dotsspace@=\muskip17
\c@parentequation=\count338
\dspbrk@lvl=\count339
\tag@help=\toks25
\row@=\count340
\column@=\count341
\maxfields@=\count342
\andhelp@=\toks26
\eqnshift@=\dimen172
\alignsep@=\dimen173
\tagshift@=\dimen174
\tagwidth@=\dimen175
\totwidth@=\dimen176
\lineht@=\dimen177
\@envbody=\toks27
\multlinegap=\skip70
\multlinetaggap=\skip71
\mathdisplay@stack=\toks28
LaTeX Info: Redefining \[ on input line 2953.
LaTeX Info: Redefining \] on input line 2954.
)
(/home/runner/work/_temp/setup-texlive-action/2022/texmf-dist/tex/latex/multiro
w/multirow.sty
Package: multirow 2021/03/15 v2.8 Span multiple rows of a table
\multirow@colwidth=\skip72
\multirow@cntb=\count343
\multirow@dima=\skip73
\bigstrutjot=\dimen178
)
(/home/runner/work/_temp/setup-texlive-action/2022/texmf-dist/tex/latex/breakur
l/breakurl.sty
Package: breakurl 2013/04/10 v1.40 Breakable hyperref URLs

(/home/runner/work/_temp/setup-texlive-action/2022/texmf-dist/tex/latex/xkeyval
/xkeyval.sty
Package: xkeyval 2022/06/16 v2.9 package option processing (HA)

(/home/runner/work/_temp/setup-texlive-action/2022/texmf-dist/tex/generic/xkeyv
al/xkeyval.tex
(/home/runner/work/_temp/setup-texlive-action/2022/texmf-dist/tex/generic/xkeyv
al/xkvutils.tex
\XKV@toks=\toks29
\XKV@tempa@toks=\toks30
)
\XKV@depth=\count344
File: xkeyval.tex 2014/12/03 v2.7a key=value parser (HA)
))
(/home/runner/work/_temp/setup-texlive-action/2022/texmf-dist/tex/generic/iftex
/ifpdf.sty
Package: ifpdf 2019/10/25 v3.4 ifpdf legacy package. Use iftex instead.
)

Package breakurl Warning: You are using breakurl while processing via pdflatex.

(breakurl)                \burl will be just a synonym of \url.
(breakurl)                 on input line 48.

)
(/home/runner/work/_temp/setup-texlive-action/2022/texmf-dist/tex/latex/base/te
xtcomp.sty
Package: textcomp 2020/02/02 v2.0n Standard LaTeX package
)
(/home/runner/work/_temp/setup-texlive-action/2022/texmf-dist/tex/latex/overpic
/overpic.sty
Package: overpic 2020/02/22 1.3 picture overlays (RN)

(/home/runner/work/_temp/setup-texlive-action/2022/texmf-dist/tex/latex/eepic/e
pic.sty
Enhancements to Picture Environment. Version 1.2 - Released June 1, 1986
\@@multicnt=\count345
\d@lta=\count346
\@delta=\dimen179
\@@delta=\dimen180
\@gridcnt=\count347
\@joinkind=\count348
\@dotgap=\dimen181
\@ddotgap=\dimen182
\@x@diff=\count349
\@y@diff=\count350
\x@diff=\dimen183
\y@diff=\dimen184
\@dotbox=\box89
\num@segments=\count351
\num@segmentsi=\count352
\@datafile=\read3
)
\OVP@box=\box90
)
(/home/runner/work/_temp/setup-texlive-action/2022/texmf-dist/tex/latex/clevere
f/cleveref.sty
Package: cleveref 2018/03/27 v0.21.4 Intelligent cross-referencing
Package cleveref Info: `hyperref' support loaded on input line 2370.
LaTeX Info: Redefining \cref on input line 2370.
LaTeX Info: Redefining \Cref on input line 2370.
LaTeX Info: Redefining \crefrange on input line 2370.
LaTeX Info: Redefining \Crefrange on input line 2370.
LaTeX Info: Redefining \cpageref on input line 2370.
LaTeX Info: Redefining \Cpageref on input line 2370.
LaTeX Info: Redefining \cpagerefrange on input line 2370.
LaTeX Info: Redefining \Cpagerefrange on input line 2370.
LaTeX Info: Redefining \labelcref on input line 2370.
LaTeX Info: Redefining \labelcpageref on input line 2370.
)
(/home/runner/work/_temp/setup-texlive-action/2022/texmf-dist/tex/latex/fancyhd
r/fancyhdr.sty
Package: fancyhdr 2022/11/09 v4.1 Extensive control of page headers and footers

\f@nch@headwidth=\skip74
\f@nch@O@elh=\skip75
\f@nch@O@erh=\skip76
\f@nch@O@olh=\skip77
\f@nch@O@orh=\skip78
\f@nch@O@elf=\skip79
\f@nch@O@erf=\skip80
\f@nch@O@olf=\skip81
\f@nch@O@orf=\skip82
)
(/home/runner/work/_temp/setup-texlive-action/2022/texmf-dist/tex/latex/appendi
x/appendix.sty
Package: appendix 2020/02/08 v1.2c extra appendix facilities
\c@@pps=\count353
\c@@ppsavesec=\count354
\c@@ppsaveapp=\count355
)
(/home/runner/work/_temp/setup-texlive-action/2022/texmf-dist/tex/latex/floatro
w/floatrow.sty
Package: floatrow 2008/08/02 v0.3b floatrow: float package extension

(/home/runner/work/_temp/setup-texlive-action/2022/texmf-dist/tex/latex/caption
/caption3.sty
Package: caption3 2022/03/17 v2.3b caption3 kernel (AR)
\caption@tempdima=\dimen185
\captionmargin=\dimen186
\caption@leftmargin=\dimen187
\caption@rightmargin=\dimen188
\caption@width=\dimen189
\caption@indent=\dimen190
\caption@parindent=\dimen191
\caption@hangindent=\dimen192
Package caption Info: Unknown document class (or package),
(caption)             standard defaults will be used.
Package caption Info: \@makecaption = \long macro:#1#2->\vskip \abovecaptionski
p \sbox \@tempboxa {\small \let \added \relax \let \deleted \relax \let \replac
ed \relax {\bf #1.} #2}\ifdim \wd \@tempboxa >\hsize \small {\bf #1.} #2\par \e
lse \global \@minipagefalse \hb@xt@ \hsize {\hfill \box \@tempboxa \hfill }\fi 
\vskip \belowcaptionskip  on input line 1176.
)
\c@float@type=\count356
\float@exts=\toks31
\float@box=\box91
\@floatcapt=\box92
Package floatrow Info: Modified float package code loaded on input line 455.
Package floatrow Info: Modified rotfloat package code loaded on input line 473.

\FR@everyfloat=\toks32
\flrow@foot=\insert252
\FB@wd=\dimen193
\FBo@wd=\dimen194
\FBc@wd=\dimen195
\FBo@ht=\skip83
\FBc@ht=\skip84
\FBf@ht=\skip85
\FBo@max=\skip86
\FBc@max=\skip87
\FBf@max=\skip88
\c@FBl@b=\count357
\floatbox@depth=\count358
\c@FRobj=\count359
\c@FRsobj=\count360
\Xhsize=\skip89
\sXhsize=\skip90
\Zhsize=\skip91
\sZhsize=\skip92
\flrow@rowbox=\box93
\FR@Zunitlength=\dimen196
\c@FBcnt=\count361
\FPOScnt=\count362
\LTleft=\skip93
\LTright=\skip94
\LTleft=\skip95
\LTright=\skip96
\flrow@types=\toks33
)
(/home/runner/work/_temp/setup-texlive-action/2022/texmf-dist/tex/latex/units/n
icefrac.sty
Package: nicefrac 1998/08/04 v0.9b Nice fractions
\L@UnitsRaiseDisplaystyle=\skip97
\L@UnitsRaiseTextstyle=\skip98
\L@UnitsRaiseScriptstyle=\skip99

(/home/runner/work/_temp/setup-texlive-action/2022/texmf-dist/tex/latex/base/if
then.sty
Package: ifthen 2022/04/13 v1.1d Standard LaTeX ifthen package (DPC)
))
(/home/runner/work/_temp/setup-texlive-action/2022/texmf-dist/tex/latex/siunitx
/siunitx.sty
Package: siunitx 2023-03-04 v3.2.2 A comprehensive (SI) units package
\l__siunitx_angle_tmp_dim=\dimen197
\l__siunitx_angle_marker_box=\box94
\l__siunitx_angle_unit_box=\box95
\l__siunitx_compound_count_int=\count363

(/home/runner/work/_temp/setup-texlive-action/2022/texmf-dist/tex/latex/transla
tions/translations.sty
Package: translations 2022/02/05 v1.12 internationalization of LaTeX2e packages
 (CN)

(/home/runner/work/_temp/setup-texlive-action/2022/texmf-dist/tex/latex/etoolbo
x/etoolbox.sty
Package: etoolbox 2020/10/05 v2.5k e-TeX tools for LaTeX (JAW)
\etb@tempcnta=\count364
))
\l__siunitx_number_exponent_fixed_int=\count365
\l__siunitx_number_min_decimal_int=\count366
\l__siunitx_number_min_integer_int=\count367
\l__siunitx_number_round_precision_int=\count368
\l__siunitx_number_lower_threshold_int=\count369
\l__siunitx_number_upper_threshold_int=\count370
\l__siunitx_number_group_first_int=\count371
\l__siunitx_number_group_size_int=\count372
\l__siunitx_number_group_minimum_int=\count373
\l__siunitx_table_tmp_box=\box96
\l__siunitx_table_tmp_dim=\dimen198
\l__siunitx_table_column_width_dim=\dimen199
\l__siunitx_table_integer_box=\box97
\l__siunitx_table_decimal_box=\box98
\l__siunitx_table_uncert_box=\box99
\l__siunitx_table_before_box=\box100
\l__siunitx_table_after_box=\box101
\l__siunitx_table_before_dim=\dimen256
\l__siunitx_table_carry_dim=\dimen257
\l__siunitx_unit_tmp_int=\count374
\l__siunitx_unit_position_int=\count375
\l__siunitx_unit_total_int=\count376


/home/runner/work/_temp/setup-texlive-action/2022/texmf-dist/tex/latex/siunitx/
siunitx.sty:8445: LaTeX cmd Error: Command '\tablenum' already defined.

For immediate help type H <return>.
 ...                                              
                                                  
l.8445   }
          

You have used \NewDocumentCommand with a command that already has a
definition.

The existing definition of '\tablenum' will not be altered.


)

./FUpackages.sty:30: LaTeX Error: Option clash for package xcolor.

See the LaTeX manual or LaTeX Companion for explanation.
Type  H <return>  for immediate help.
 ...                                              
                                                  
l.30 \usepackage
                {blindtext}
The package xcolor has already been loaded with options:
  []
There has now been an attempt to load it with options
  [dvipsnames]
Adding the global options:
  ,dvipsnames
to your \documentclass declaration may fix this.
Try typing  <return>  to proceed.


(/home/runner/work/_temp/setup-texlive-action/2022/texmf-dist/tex/latex/blindte
xt/blindtext.sty
Package: blindtext 2012/01/06 V2.0 blindtext-Package

(/home/runner/work/_temp/setup-texlive-action/2022/texmf-dist/tex/latex/tools/x
space.sty
Package: xspace 2014/10/28 v1.13 Space after command names (DPC,MH)
)
\c@blindtext=\count377
\c@Blindtext=\count378
\c@blind@countparstart=\count379
\blind@countxx=\count380
\blindtext@numBlindtext=\count381
\blind@countyy=\count382
\c@blindlist=\count383
\c@blindlistlevel=\count384
\c@blindlist@level=\count385
\blind@listitem=\count386
\c@blind@listcount=\count387
\c@blind@levelcount=\count388
\blind@mathformula=\count389
\blind@Mathformula=\count390
\c@blind@randomcount=\count391
\c@blind@randommax=\count392
\c@blind@pangramcount=\count393
\c@blind@pangrammax=\count394
)
(/home/runner/work/_temp/setup-texlive-action/2022/texmf-dist/tex/latex/capt-of
/capt-of.sty
Package: capt-of 2009/12/29 v0.2 standard captions outside of floats
)
(/home/runner/work/_temp/setup-texlive-action/2022/texmf-dist/tex/latex/booktab
s/booktabs.sty
Package: booktabs 2020/01/12 v1.61803398 Publication quality tables
\heavyrulewidth=\dimen258
\lightrulewidth=\dimen259
\cmidrulewidth=\dimen260
\belowrulesep=\dimen261
\belowbottomsep=\dimen262
\aboverulesep=\dimen263
\abovetopsep=\dimen264
\cmidrulesep=\dimen265
\cmidrulekern=\dimen266
\defaultaddspace=\dimen267
\@cmidla=\count395
\@cmidlb=\count396
\@aboverulesep=\dimen268
\@belowrulesep=\dimen269
\@thisruleclass=\count397
\@lastruleclass=\count398
\@thisrulewidth=\dimen270
)
(/home/runner/work/_temp/setup-texlive-action/2022/texmf-dist/tex/latex/varwidt
h/varwidth.sty
Package: varwidth 2009/03/30 ver 0.92;  Variable-width minipages
\@vwid@box=\box102
\sift@deathcycles=\count399
\@vwid@loff=\dimen271
\@vwid@roff=\dimen272
)
(/home/runner/work/_temp/setup-texlive-action/2022/texmf-dist/tex/latex/koma-sc
ript/scrextend.sty
Package: scrextend 2022/10/12 v3.38 KOMA-Script package (extend other classes w
ith features of KOMA-Script classes)

(/home/runner/work/_temp/setup-texlive-action/2022/texmf-dist/tex/latex/koma-sc
ript/scrkbase.sty
Package: scrkbase 2022/10/12 v3.38 KOMA-Script package (KOMA-Script-dependent b
asics and keyval usage)

(/home/runner/work/_temp/setup-texlive-action/2022/texmf-dist/tex/latex/koma-sc
ript/scrbase.sty
Package: scrbase 2022/10/12 v3.38 KOMA-Script package (KOMA-Script-independent 
basics and keyval usage)

(/home/runner/work/_temp/setup-texlive-action/2022/texmf-dist/tex/latex/koma-sc
ript/scrlfile.sty
Package: scrlfile 2022/10/12 v3.38 KOMA-Script package (file load hooks)

(/home/runner/work/_temp/setup-texlive-action/2022/texmf-dist/tex/latex/koma-sc
ript/scrlfile-hook.sty
Package: scrlfile-hook 2022/10/12 v3.38 KOMA-Script package (using LaTeX hooks)


(/home/runner/work/_temp/setup-texlive-action/2022/texmf-dist/tex/latex/koma-sc
ript/scrlogo.sty
Package: scrlogo 2022/10/12 v3.38 KOMA-Script package (logo)
)))
Applying: [2021/05/01] Usage of raw or classic option list on input line 252.
Already applied: [0000/00/00] Usage of raw or classic option list on input line
 368.
))

LaTeX Warning: Command \@footnotemark  has changed.
               Check if current package is valid.

)
(/home/runner/work/_temp/setup-texlive-action/2022/texmf-dist/tex/latex/titlese
c/titlesec.sty
Package: titlesec 2021/07/05 v2.14 Sectioning titles
\ttl@box=\box103
\beforetitleunit=\skip100
\aftertitleunit=\skip101
\ttl@plus=\dimen273
\ttl@minus=\dimen274
\ttl@toksa=\toks34
\titlewidth=\dimen275
\titlewidthlast=\dimen276
\titlewidthfirst=\dimen277
)
(/home/runner/work/_temp/setup-texlive-action/2022/texmf-dist/tex/latex/graphic
s/rotating.sty
Package: rotating 2016/08/11 v2.16d rotated objects in LaTeX
\c@r@tfl@t=\count400
\rotFPtop=\skip102
\rotFPbot=\skip103
\rot@float@box=\box104
\rot@mess@toks=\toks35
)
(/home/runner/work/_temp/setup-texlive-action/2022/texmf-dist/tex/latex/fontawe
some/fontawesome.sty
Package: fontawesome 2016/05/15 v4.6.3.1 font awesome icons

(/home/runner/work/_temp/setup-texlive-action/2022/texmf-dist/tex/generic/iftex
/ifxetex.sty
Package: ifxetex 2019/10/25 v0.7 ifxetex legacy package. Use iftex instead.
)
(/home/runner/work/_temp/setup-texlive-action/2022/texmf-dist/tex/generic/iftex
/ifluatex.sty
Package: ifluatex 2019/10/25 v1.5 ifluatex legacy package. Use iftex instead.
)
(/home/runner/work/_temp/setup-texlive-action/2022/texmf-dist/tex/latex/fontawe
some/fontawesomesymbols-generic.tex)
(/home/runner/work/_temp/setup-texlive-action/2022/texmf-dist/tex/latex/fontawe
some/fontawesomesymbols-pdftex.tex))
(/home/runner/work/_temp/setup-texlive-action/2022/texmf-dist/tex/latex/pgf/fro
ntendlayer/tikz.sty
(/home/runner/work/_temp/setup-texlive-action/2022/texmf-dist/tex/latex/pgf/bas
iclayer/pgf.sty
(/home/runner/work/_temp/setup-texlive-action/2022/texmf-dist/tex/latex/pgf/uti
lities/pgfrcs.sty
(/home/runner/work/_temp/setup-texlive-action/2022/texmf-dist/tex/generic/pgf/u
tilities/pgfutil-common.tex
\pgfutil@everybye=\toks36
\pgfutil@tempdima=\dimen278
\pgfutil@tempdimb=\dimen279
)
(/home/runner/work/_temp/setup-texlive-action/2022/texmf-dist/tex/generic/pgf/u
tilities/pgfutil-latex.def
\pgfutil@abb=\box105
)
(/home/runner/work/_temp/setup-texlive-action/2022/texmf-dist/tex/generic/pgf/u
tilities/pgfrcs.code.tex
(/home/runner/work/_temp/setup-texlive-action/2022/texmf-dist/tex/generic/pgf/p
gf.revision.tex)
Package: pgfrcs 2023-01-15 v3.1.10 (3.1.10)
))
Package: pgf 2023-01-15 v3.1.10 (3.1.10)

(/home/runner/work/_temp/setup-texlive-action/2022/texmf-dist/tex/latex/pgf/bas
iclayer/pgfcore.sty
(/home/runner/work/_temp/setup-texlive-action/2022/texmf-dist/tex/latex/pgf/sys
temlayer/pgfsys.sty
(/home/runner/work/_temp/setup-texlive-action/2022/texmf-dist/tex/generic/pgf/s
ystemlayer/pgfsys.code.tex
Package: pgfsys 2023-01-15 v3.1.10 (3.1.10)

(/home/runner/work/_temp/setup-texlive-action/2022/texmf-dist/tex/generic/pgf/u
tilities/pgfkeys.code.tex
\pgfkeys@pathtoks=\toks37
\pgfkeys@temptoks=\toks38

(/home/runner/work/_temp/setup-texlive-action/2022/texmf-dist/tex/generic/pgf/u
tilities/pgfkeyslibraryfiltered.code.tex
\pgfkeys@tmptoks=\toks39
))
\pgf@x=\dimen280
\pgf@y=\dimen281
\pgf@xa=\dimen282
\pgf@ya=\dimen283
\pgf@xb=\dimen284
\pgf@yb=\dimen285
\pgf@xc=\dimen286
\pgf@yc=\dimen287
\pgf@xd=\dimen288
\pgf@yd=\dimen289
\w@pgf@writea=\write4
\r@pgf@reada=\read4
\c@pgf@counta=\count401
\c@pgf@countb=\count402
\c@pgf@countc=\count403
\c@pgf@countd=\count404
\t@pgf@toka=\toks40
\t@pgf@tokb=\toks41
\t@pgf@tokc=\toks42
\pgf@sys@id@count=\count405

(/home/runner/work/_temp/setup-texlive-action/2022/texmf-dist/tex/generic/pgf/s
ystemlayer/pgf.cfg
File: pgf.cfg 2023-01-15 v3.1.10 (3.1.10)
)
Driver file for pgf: pgfsys-pdftex.def

(/home/runner/work/_temp/setup-texlive-action/2022/texmf-dist/tex/generic/pgf/s
ystemlayer/pgfsys-pdftex.def
File: pgfsys-pdftex.def 2023-01-15 v3.1.10 (3.1.10)

(/home/runner/work/_temp/setup-texlive-action/2022/texmf-dist/tex/generic/pgf/s
ystemlayer/pgfsys-common-pdf.def
File: pgfsys-common-pdf.def 2023-01-15 v3.1.10 (3.1.10)
)))
(/home/runner/work/_temp/setup-texlive-action/2022/texmf-dist/tex/generic/pgf/s
ystemlayer/pgfsyssoftpath.code.tex
File: pgfsyssoftpath.code.tex 2023-01-15 v3.1.10 (3.1.10)
\pgfsyssoftpath@smallbuffer@items=\count406
\pgfsyssoftpath@bigbuffer@items=\count407
)
(/home/runner/work/_temp/setup-texlive-action/2022/texmf-dist/tex/generic/pgf/s
ystemlayer/pgfsysprotocol.code.tex
File: pgfsysprotocol.code.tex 2023-01-15 v3.1.10 (3.1.10)
))
(/home/runner/work/_temp/setup-texlive-action/2022/texmf-dist/tex/generic/pgf/b
asiclayer/pgfcore.code.tex
Package: pgfcore 2023-01-15 v3.1.10 (3.1.10)

(/home/runner/work/_temp/setup-texlive-action/2022/texmf-dist/tex/generic/pgf/m
ath/pgfmath.code.tex
(/home/runner/work/_temp/setup-texlive-action/2022/texmf-dist/tex/generic/pgf/m
ath/pgfmathutil.code.tex)
(/home/runner/work/_temp/setup-texlive-action/2022/texmf-dist/tex/generic/pgf/m
ath/pgfmathparser.code.tex
\pgfmath@dimen=\dimen290
\pgfmath@count=\count408
\pgfmath@box=\box106
\pgfmath@toks=\toks43
\pgfmath@stack@operand=\toks44
\pgfmath@stack@operation=\toks45
)
(/home/runner/work/_temp/setup-texlive-action/2022/texmf-dist/tex/generic/pgf/m
ath/pgfmathfunctions.code.tex)
(/home/runner/work/_temp/setup-texlive-action/2022/texmf-dist/tex/generic/pgf/m
ath/pgfmathfunctions.basic.code.tex)
(/home/runner/work/_temp/setup-texlive-action/2022/texmf-dist/tex/generic/pgf/m
ath/pgfmathfunctions.trigonometric.code.tex)
(/home/runner/work/_temp/setup-texlive-action/2022/texmf-dist/tex/generic/pgf/m
ath/pgfmathfunctions.random.code.tex)
(/home/runner/work/_temp/setup-texlive-action/2022/texmf-dist/tex/generic/pgf/m
ath/pgfmathfunctions.comparison.code.tex)
(/home/runner/work/_temp/setup-texlive-action/2022/texmf-dist/tex/generic/pgf/m
ath/pgfmathfunctions.base.code.tex)
(/home/runner/work/_temp/setup-texlive-action/2022/texmf-dist/tex/generic/pgf/m
ath/pgfmathfunctions.round.code.tex)
(/home/runner/work/_temp/setup-texlive-action/2022/texmf-dist/tex/generic/pgf/m
ath/pgfmathfunctions.misc.code.tex)
(/home/runner/work/_temp/setup-texlive-action/2022/texmf-dist/tex/generic/pgf/m
ath/pgfmathfunctions.integerarithmetics.code.tex)
(/home/runner/work/_temp/setup-texlive-action/2022/texmf-dist/tex/generic/pgf/m
ath/pgfmathcalc.code.tex)
(/home/runner/work/_temp/setup-texlive-action/2022/texmf-dist/tex/generic/pgf/m
ath/pgfmathfloat.code.tex
\c@pgfmathroundto@lastzeros=\count409
))
(/home/runner/work/_temp/setup-texlive-action/2022/texmf-dist/tex/generic/pgf/m
ath/pgfint.code.tex)
(/home/runner/work/_temp/setup-texlive-action/2022/texmf-dist/tex/generic/pgf/b
asiclayer/pgfcorepoints.code.tex
File: pgfcorepoints.code.tex 2023-01-15 v3.1.10 (3.1.10)
\pgf@picminx=\dimen291
\pgf@picmaxx=\dimen292
\pgf@picminy=\dimen293
\pgf@picmaxy=\dimen294
\pgf@pathminx=\dimen295
\pgf@pathmaxx=\dimen296
\pgf@pathminy=\dimen297
\pgf@pathmaxy=\dimen298
\pgf@xx=\dimen299
\pgf@xy=\dimen300
\pgf@yx=\dimen301
\pgf@yy=\dimen302
\pgf@zx=\dimen303
\pgf@zy=\dimen304
)
(/home/runner/work/_temp/setup-texlive-action/2022/texmf-dist/tex/generic/pgf/b
asiclayer/pgfcorepathconstruct.code.tex
File: pgfcorepathconstruct.code.tex 2023-01-15 v3.1.10 (3.1.10)
\pgf@path@lastx=\dimen305
\pgf@path@lasty=\dimen306
)
(/home/runner/work/_temp/setup-texlive-action/2022/texmf-dist/tex/generic/pgf/b
asiclayer/pgfcorepathusage.code.tex
File: pgfcorepathusage.code.tex 2023-01-15 v3.1.10 (3.1.10)
\pgf@shorten@end@additional=\dimen307
\pgf@shorten@start@additional=\dimen308
)
(/home/runner/work/_temp/setup-texlive-action/2022/texmf-dist/tex/generic/pgf/b
asiclayer/pgfcorescopes.code.tex
File: pgfcorescopes.code.tex 2023-01-15 v3.1.10 (3.1.10)
\pgfpic=\box107
\pgf@hbox=\box108
\pgf@layerbox@main=\box109
\pgf@picture@serial@count=\count410
)
(/home/runner/work/_temp/setup-texlive-action/2022/texmf-dist/tex/generic/pgf/b
asiclayer/pgfcoregraphicstate.code.tex
File: pgfcoregraphicstate.code.tex 2023-01-15 v3.1.10 (3.1.10)
\pgflinewidth=\dimen309
)
(/home/runner/work/_temp/setup-texlive-action/2022/texmf-dist/tex/generic/pgf/b
asiclayer/pgfcoretransformations.code.tex
File: pgfcoretransformations.code.tex 2023-01-15 v3.1.10 (3.1.10)
\pgf@pt@x=\dimen310
\pgf@pt@y=\dimen311
\pgf@pt@temp=\dimen312
)
(/home/runner/work/_temp/setup-texlive-action/2022/texmf-dist/tex/generic/pgf/b
asiclayer/pgfcorequick.code.tex
File: pgfcorequick.code.tex 2023-01-15 v3.1.10 (3.1.10)
)
(/home/runner/work/_temp/setup-texlive-action/2022/texmf-dist/tex/generic/pgf/b
asiclayer/pgfcoreobjects.code.tex
File: pgfcoreobjects.code.tex 2023-01-15 v3.1.10 (3.1.10)
)
(/home/runner/work/_temp/setup-texlive-action/2022/texmf-dist/tex/generic/pgf/b
asiclayer/pgfcorepathprocessing.code.tex
File: pgfcorepathprocessing.code.tex 2023-01-15 v3.1.10 (3.1.10)
)
(/home/runner/work/_temp/setup-texlive-action/2022/texmf-dist/tex/generic/pgf/b
asiclayer/pgfcorearrows.code.tex
File: pgfcorearrows.code.tex 2023-01-15 v3.1.10 (3.1.10)
\pgfarrowsep=\dimen313
)
(/home/runner/work/_temp/setup-texlive-action/2022/texmf-dist/tex/generic/pgf/b
asiclayer/pgfcoreshade.code.tex
File: pgfcoreshade.code.tex 2023-01-15 v3.1.10 (3.1.10)
\pgf@max=\dimen314
\pgf@sys@shading@range@num=\count411
\pgf@shadingcount=\count412
)
(/home/runner/work/_temp/setup-texlive-action/2022/texmf-dist/tex/generic/pgf/b
asiclayer/pgfcoreimage.code.tex
File: pgfcoreimage.code.tex 2023-01-15 v3.1.10 (3.1.10)
)
(/home/runner/work/_temp/setup-texlive-action/2022/texmf-dist/tex/generic/pgf/b
asiclayer/pgfcoreexternal.code.tex
File: pgfcoreexternal.code.tex 2023-01-15 v3.1.10 (3.1.10)
\pgfexternal@startupbox=\box110
)
(/home/runner/work/_temp/setup-texlive-action/2022/texmf-dist/tex/generic/pgf/b
asiclayer/pgfcorelayers.code.tex
File: pgfcorelayers.code.tex 2023-01-15 v3.1.10 (3.1.10)
)
(/home/runner/work/_temp/setup-texlive-action/2022/texmf-dist/tex/generic/pgf/b
asiclayer/pgfcoretransparency.code.tex
File: pgfcoretransparency.code.tex 2023-01-15 v3.1.10 (3.1.10)
)
(/home/runner/work/_temp/setup-texlive-action/2022/texmf-dist/tex/generic/pgf/b
asiclayer/pgfcorepatterns.code.tex
File: pgfcorepatterns.code.tex 2023-01-15 v3.1.10 (3.1.10)
)
(/home/runner/work/_temp/setup-texlive-action/2022/texmf-dist/tex/generic/pgf/b
asiclayer/pgfcorerdf.code.tex
File: pgfcorerdf.code.tex 2023-01-15 v3.1.10 (3.1.10)
)))
(/home/runner/work/_temp/setup-texlive-action/2022/texmf-dist/tex/generic/pgf/m
odules/pgfmoduleshapes.code.tex
File: pgfmoduleshapes.code.tex 2023-01-15 v3.1.10 (3.1.10)
\pgfnodeparttextbox=\box111
)
(/home/runner/work/_temp/setup-texlive-action/2022/texmf-dist/tex/generic/pgf/m
odules/pgfmoduleplot.code.tex
File: pgfmoduleplot.code.tex 2023-01-15 v3.1.10 (3.1.10)
)
(/home/runner/work/_temp/setup-texlive-action/2022/texmf-dist/tex/latex/pgf/com
patibility/pgfcomp-version-0-65.sty
Package: pgfcomp-version-0-65 2023-01-15 v3.1.10 (3.1.10)
\pgf@nodesepstart=\dimen315
\pgf@nodesepend=\dimen316
)
(/home/runner/work/_temp/setup-texlive-action/2022/texmf-dist/tex/latex/pgf/com
patibility/pgfcomp-version-1-18.sty
Package: pgfcomp-version-1-18 2023-01-15 v3.1.10 (3.1.10)
))
(/home/runner/work/_temp/setup-texlive-action/2022/texmf-dist/tex/latex/pgf/uti
lities/pgffor.sty
(/home/runner/work/_temp/setup-texlive-action/2022/texmf-dist/tex/latex/pgf/uti
lities/pgfkeys.sty
(/home/runner/work/_temp/setup-texlive-action/2022/texmf-dist/tex/generic/pgf/u
tilities/pgfkeys.code.tex))
(/home/runner/work/_temp/setup-texlive-action/2022/texmf-dist/tex/latex/pgf/mat
h/pgfmath.sty
(/home/runner/work/_temp/setup-texlive-action/2022/texmf-dist/tex/generic/pgf/m
ath/pgfmath.code.tex))
(/home/runner/work/_temp/setup-texlive-action/2022/texmf-dist/tex/generic/pgf/u
tilities/pgffor.code.tex
Package: pgffor 2023-01-15 v3.1.10 (3.1.10)
\pgffor@iter=\dimen317
\pgffor@skip=\dimen318
\pgffor@stack=\toks46
\pgffor@toks=\toks47
))
(/home/runner/work/_temp/setup-texlive-action/2022/texmf-dist/tex/generic/pgf/f
rontendlayer/tikz/tikz.code.tex
Package: tikz 2023-01-15 v3.1.10 (3.1.10)

(/home/runner/work/_temp/setup-texlive-action/2022/texmf-dist/tex/generic/pgf/l
ibraries/pgflibraryplothandlers.code.tex
File: pgflibraryplothandlers.code.tex 2023-01-15 v3.1.10 (3.1.10)
\pgf@plot@mark@count=\count413
\pgfplotmarksize=\dimen319
)
\tikz@lastx=\dimen320
\tikz@lasty=\dimen321
\tikz@lastxsaved=\dimen322
\tikz@lastysaved=\dimen323
\tikz@lastmovetox=\dimen324
\tikz@lastmovetoy=\dimen325
\tikzleveldistance=\dimen326
\tikzsiblingdistance=\dimen327
\tikz@figbox=\box112
\tikz@figbox@bg=\box113
\tikz@tempbox=\box114
\tikz@tempbox@bg=\box115
\tikztreelevel=\count414
\tikznumberofchildren=\count415
\tikznumberofcurrentchild=\count416
\tikz@fig@count=\count417

(/home/runner/work/_temp/setup-texlive-action/2022/texmf-dist/tex/generic/pgf/m
odules/pgfmodulematrix.code.tex
File: pgfmodulematrix.code.tex 2023-01-15 v3.1.10 (3.1.10)
\pgfmatrixcurrentrow=\count418
\pgfmatrixcurrentcolumn=\count419
\pgf@matrix@numberofcolumns=\count420
)
\tikz@expandcount=\count421

(/home/runner/work/_temp/setup-texlive-action/2022/texmf-dist/tex/generic/pgf/f
rontendlayer/tikz/libraries/tikzlibrarytopaths.code.tex
File: tikzlibrarytopaths.code.tex 2023-01-15 v3.1.10 (3.1.10)
)))
(/home/runner/work/_temp/setup-texlive-action/2022/texmf-dist/tex/latex/colortb
l/colortbl.sty
Package: colortbl 2022/06/20 v1.0f Color table columns (DPC)
\everycr=\toks48
\minrowclearance=\skip104
\rownum=\count422
)
(/home/runner/work/_temp/setup-texlive-action/2022/texmf-dist/tex/latex/tablefo
otnote/tablefootnote.sty
Package: tablefootnote 2014/01/26 v1.1c Table foot notes (HMM)

(/home/runner/work/_temp/setup-texlive-action/2022/texmf-dist/tex/latex/xifthen
/xifthen.sty
Package: xifthen 2015/11/05 v1.4.0 Extended ifthen features

(/home/runner/work/_temp/setup-texlive-action/2022/texmf-dist/tex/latex/tools/c
alc.sty
Package: calc 2017/05/25 v4.3 Infix arithmetic (KKT,FJ)
\calc@Acount=\count423
\calc@Bcount=\count424
\calc@Adimen=\dimen328
\calc@Bdimen=\dimen329
\calc@Askip=\skip105
\calc@Bskip=\skip106
LaTeX Info: Redefining \setlength on input line 80.
LaTeX Info: Redefining \addtolength on input line 81.
\calc@Ccount=\count425
\calc@Cskip=\skip107
)
(/home/runner/work/_temp/setup-texlive-action/2022/texmf-dist/tex/latex/ifmtarg
/ifmtarg.sty
Package: ifmtarg 2018/04/16 v1.2b check for an empty argument
)))
(/home/runner/work/_temp/setup-texlive-action/2022/texmf-dist/tex/latex/threepa
rttable/threeparttable.sty
Package: threeparttable 2003/06/13  v 3.0
\@tempboxb=\box116
)
(/home/runner/work/_temp/setup-texlive-action/2022/texmf-dist/tex/generic/pgf/f
rontendlayer/tikz/libraries/tikzlibraryshapes.multipart.code.tex
File: tikzlibraryshapes.multipart.code.tex 2023-01-15 v3.1.10 (3.1.10)

(/home/runner/work/_temp/setup-texlive-action/2022/texmf-dist/tex/generic/pgf/l
ibraries/shapes/pgflibraryshapes.multipart.code.tex
File: pgflibraryshapes.multipart.code.tex 2023-01-15 v3.1.10 (3.1.10)
\pgfnodepartlowerbox=\box117
\pgfnodeparttwobox=\box118
\pgfnodepartthreebox=\box119
\pgfnodepartfourbox=\box120
\pgfnodeparttwentybox=\box121
\pgfnodepartnineteenbox=\box122
\pgfnodeparteighteenbox=\box123
\pgfnodepartseventeenbox=\box124
\pgfnodepartsixteenbox=\box125
\pgfnodepartfifteenbox=\box126
\pgfnodepartfourteenbox=\box127
\pgfnodepartthirteenbox=\box128
\pgfnodeparttwelvebox=\box129
\pgfnodepartelevenbox=\box130
\pgfnodeparttenbox=\box131
\pgfnodepartninebox=\box132
\pgfnodeparteightbox=\box133
\pgfnodepartsevenbox=\box134
\pgfnodepartsixbox=\box135
\pgfnodepartfivebox=\box136
))
(/home/runner/work/_temp/setup-texlive-action/2022/texmf-dist/tex/generic/pgf/l
ibraries/pgflibraryarrows.meta.code.tex
File: pgflibraryarrows.meta.code.tex 2023-01-15 v3.1.10 (3.1.10)
\pgfarrowinset=\dimen330
\pgfarrowlength=\dimen331
\pgfarrowwidth=\dimen332
\pgfarrowlinewidth=\dimen333
)
(/home/runner/work/_temp/setup-texlive-action/2022/texmf-dist/tex/generic/pgf/f
rontendlayer/tikz/libraries/tikzlibrarypositioning.code.tex
File: tikzlibrarypositioning.code.tex 2023-01-15 v3.1.10 (3.1.10)
)
(/home/runner/work/_temp/setup-texlive-action/2022/texmf-dist/tex/generic/pgf/f
rontendlayer/tikz/libraries/tikzlibraryfit.code.tex
File: tikzlibraryfit.code.tex 2023-01-15 v3.1.10 (3.1.10)
)
(/home/runner/work/_temp/setup-texlive-action/2022/texmf-dist/tex/generic/pgf/f
rontendlayer/tikz/libraries/tikzlibraryshapes.misc.code.tex
File: tikzlibraryshapes.misc.code.tex 2023-01-15 v3.1.10 (3.1.10)

(/home/runner/work/_temp/setup-texlive-action/2022/texmf-dist/tex/generic/pgf/l
ibraries/shapes/pgflibraryshapes.misc.code.tex
File: pgflibraryshapes.misc.code.tex 2023-01-15 v3.1.10 (3.1.10)
))
(/home/runner/work/_temp/setup-texlive-action/2022/texmf-dist/tex/latex/tikzmar
k/tikzlibrarytikzmark.code.tex
File: tikzlibrarytikzmark.code.tex 2022/08/24 v1.15 TikZ library for marking po
sitions in a document

(/home/runner/work/_temp/setup-texlive-action/2022/texmf-dist/tex/latex/l3kerne
l/expl3.sty
Package: expl3 2023-02-22 L3 programming layer (loader) 

(/home/runner/work/_temp/setup-texlive-action/2022/texmf-dist/tex/latex/l3backe
nd/l3backend-pdftex.def
File: l3backend-pdftex.def 2023-01-16 L3 backend support: PDF output (pdfTeX)
\l__color_backend_stack_int=\count426
\l__pdf_internal_box=\box137
))
(/home/runner/work/_temp/setup-texlive-action/2022/texmf-dist/tex/latex/l3packa
ges/l3keys2e/l3keys2e.sty
Package: l3keys2e 2023-02-02 LaTeX2e option processing using LaTeX3 keys
)
(/home/runner/work/_temp/setup-texlive-action/2022/texmf-dist/tex/latex/l3packa
ges/xparse/xparse.sty
Package: xparse 2023-02-02 L3 Experimental document command parser
)
\l__sn_x_dim=\dimen334
\l__sn_y_dim=\dimen335
\l__sn_xa_dim=\dimen336
\l__sn_ya_dim=\dimen337
)
(/home/runner/work/_temp/setup-texlive-action/2022/texmf-dist/tex/latex/aobs-ti
kz/tikzlibraryoverlay-beamer-styles.code.tex)
(/home/runner/work/_temp/setup-texlive-action/2022/texmf-dist/tex/generic/pgf/f
rontendlayer/tikz/libraries/tikzlibrarybending.code.tex
File: tikzlibrarybending.code.tex 2023-01-15 v3.1.10 (3.1.10)

(/home/runner/work/_temp/setup-texlive-action/2022/texmf-dist/tex/generic/pgf/m
odules/pgfmodulebending.code.tex
File: pgfmodulebending.code.tex 2023-01-15 v3.1.10 (3.1.10)

(/home/runner/work/_temp/setup-texlive-action/2022/texmf-dist/tex/generic/pgf/m
odules/pgfmodulenonlineartransformations.code.tex
File: pgfmodulenonlineartransformations.code.tex 2023-01-15 v3.1.10 (3.1.10)
\pgftransformnonlinearflatness=\dimen338
)
(/home/runner/work/_temp/setup-texlive-action/2022/texmf-dist/tex/generic/pgf/l
ibraries/pgflibrarycurvilinear.code.tex
File: pgflibrarycurvilinear.code.tex 2023-01-15 v3.1.10 (3.1.10)
\pgf@curvilinear@time@a=\dimen339
\pgf@curvilinear@length@a=\dimen340
\pgf@curvilinear@length@b=\dimen341
\pgf@curvilinear@length@c=\dimen342
\pgf@curvilinear@length@d=\dimen343
)
\pgf@arrows@the@rigidity=\dimen344
))
(/home/runner/work/_temp/setup-texlive-action/2022/texmf-dist/tex/latex/wrapfig
/wrapfig.sty
\wrapoverhang=\dimen345
\WF@size=\dimen346
\c@WF@wrappedlines=\count427
\WF@box=\box138
\WF@everypar=\toks49
Package: wrapfig 2003/01/31  v 3.6
)
(/home/runner/work/_temp/setup-texlive-action/2022/texmf-dist/tex/latex/tcolorb
ox/tcolorbox.sty
Package: tcolorbox 2023/02/12 version 6.0.1 text color boxes

(/home/runner/work/_temp/setup-texlive-action/2022/texmf-dist/tex/latex/tools/v
erbatim.sty
Package: verbatim 2022-07-02 v1.5u LaTeX2e package for verbatim enhancements
\every@verbatim=\toks50
\verbatim@line=\toks51
\verbatim@in@stream=\read5
)
(/home/runner/work/_temp/setup-texlive-action/2022/texmf-dist/tex/latex/environ
/environ.sty
Package: environ 2014/05/04 v0.3 A new way to define environments

(/home/runner/work/_temp/setup-texlive-action/2022/texmf-dist/tex/latex/trimspa
ces/trimspaces.sty
Package: trimspaces 2009/09/17 v1.1 Trim spaces around a token list
))
\tcb@titlebox=\box139
\tcb@upperbox=\box140
\tcb@lowerbox=\box141
\tcb@phantombox=\box142
\c@tcbbreakpart=\count428
\c@tcblayer=\count429
\c@tcolorbox@number=\count430
\tcb@temp=\box143
\tcb@temp=\box144
\tcb@temp=\box145
\tcb@temp=\box146
)
(/home/runner/work/_temp/setup-texlive-action/2022/texmf-dist/tex/latex/tocloft
/tocloft.sty
Package: tocloft 2017/08/31 v2.3i parameterised ToC, etc., typesetting
Package tocloft Info: The document has section divisions on input line 51.
\cftparskip=\skip108
\cftbeforetoctitleskip=\skip109
\cftaftertoctitleskip=\skip110
\cftbeforepartskip=\skip111
\cftpartnumwidth=\skip112
\cftpartindent=\skip113
\cftbeforesecskip=\skip114
\cftsecindent=\skip115
\cftsecnumwidth=\skip116
\cftbeforesubsecskip=\skip117
\cftsubsecindent=\skip118
\cftsubsecnumwidth=\skip119
\cftbeforesubsubsecskip=\skip120
\cftsubsubsecindent=\skip121
\cftsubsubsecnumwidth=\skip122
\cftbeforeparaskip=\skip123
\cftparaindent=\skip124
\cftparanumwidth=\skip125
\cftbeforesubparaskip=\skip126
\cftsubparaindent=\skip127
\cftsubparanumwidth=\skip128
\cftbeforeloftitleskip=\skip129
\cftafterloftitleskip=\skip130
\cftbeforefigskip=\skip131
\cftfigindent=\skip132
\cftfignumwidth=\skip133
\c@lofdepth=\count431
\c@lotdepth=\count432
\cftbeforelottitleskip=\skip134
\cftafterlottitleskip=\skip135
\cftbeforetabskip=\skip136
\cfttabindent=\skip137
\cfttabnumwidth=\skip138


Package tocloft Warning: \@starttoc has already been redefined; tocloft bailing
 out. on input line 1156.

))
(/home/runner/work/_temp/setup-texlive-action/2022/texmf-dist/tex/latex/parskip
/parskip.sty
Package: parskip 2021-03-14 v2.0h non-zero parskip adjustments

Couldn't patch \@starttoc
) (./FUformatting.sty
(/home/runner/work/_temp/setup-texlive-action/2022/texmf-dist/tex/latex/geometr
y/geometry.sty
Package: geometry 2020/01/02 v5.9 Page Geometry

(/home/runner/work/_temp/setup-texlive-action/2022/texmf-dist/tex/generic/iftex
/ifvtex.sty
Package: ifvtex 2019/10/25 v1.7 ifvtex legacy package. Use iftex instead.
)
\Gm@cnth=\count433
\Gm@cntv=\count434
\c@Gm@tempcnt=\count435
\Gm@bindingoffset=\dimen347
\Gm@wd@mp=\dimen348
\Gm@odd@mp=\dimen349
\Gm@even@mp=\dimen350
\Gm@layoutwidth=\dimen351
\Gm@layoutheight=\dimen352
\Gm@layouthoffset=\dimen353
\Gm@layoutvoffset=\dimen354
\Gm@dimlist=\toks52
))
Class revtex4-1 Info: colortbl package is loaded. (Proceeding with fingers cros
sed.) on input line 7.


Class revtex4-1 Warning: Failed to patch the float package.

Class revtex4-1 Info: Patching unrecognized longtable package. (Proceeding with
 fingers crossed) on input line 7.
Class revtex4-1 Info: cite was not loaded (OK!) on input line 7.
Class revtex4-1 Info: mcite was not loaded (OK!) on input line 7.
Class revtex4-1 Info: multicol was not loaded (OK!) on input line 7.
Package translations Info: No language package found. I am going to use `englis
h' as default language. on input line 7.
(./myPaper.aux)
\openout1 = `myPaper.aux'.

LaTeX Font Info:    Checking defaults for OML/cmm/m/it on input line 7.
LaTeX Font Info:    ... okay on input line 7.
LaTeX Font Info:    Checking defaults for OMS/cmsy/m/n on input line 7.
LaTeX Font Info:    ... okay on input line 7.
LaTeX Font Info:    Checking defaults for OT1/cmr/m/n on input line 7.
LaTeX Font Info:    ... okay on input line 7.
LaTeX Font Info:    Checking defaults for T1/cmr/m/n on input line 7.
LaTeX Font Info:    ... okay on input line 7.
LaTeX Font Info:    Checking defaults for TS1/cmr/m/n on input line 7.
LaTeX Font Info:    ... okay on input line 7.
LaTeX Font Info:    Checking defaults for OMX/cmex/m/n on input line 7.
LaTeX Font Info:    ... okay on input line 7.
LaTeX Font Info:    Checking defaults for U/cmr/m/n on input line 7.
LaTeX Font Info:    ... okay on input line 7.
LaTeX Font Info:    Checking defaults for PD1/pdf/m/n on input line 7.
LaTeX Font Info:    ... okay on input line 7.
LaTeX Font Info:    Checking defaults for PU/pdf/m/n on input line 7.
LaTeX Font Info:    ... okay on input line 7.

(/home/runner/work/_temp/setup-texlive-action/2022/texmf-dist/tex/context/base/
mkii/supp-pdf.mkii
[Loading MPS to PDF converter (version 2006.09.02).]
\scratchcounter=\count436
\scratchdimen=\dimen355
\scratchbox=\box147
\nofMPsegments=\count437
\nofMParguments=\count438
\everyMPshowfont=\toks53
\MPscratchCnt=\count439
\MPscratchDim=\dimen356
\MPnumerator=\count440
\makeMPintoPDFobject=\count441
\everyMPtoPDFconversion=\toks54
)
(/home/runner/work/_temp/setup-texlive-action/2022/texmf-dist/tex/latex/epstopd
f-pkg/epstopdf-base.sty
Package: epstopdf-base 2020-01-24 v2.11 Base part for package epstopdf
Package epstopdf-base Info: Redefining graphics rule for `.eps' on input line 4
85.

(/home/runner/work/_temp/setup-texlive-action/2022/texmf-dist/tex/latex/latexco
nfig/epstopdf-sys.cfg
File: epstopdf-sys.cfg 2010/07/13 v1.3 Configuration of (r)epstopdf for TeX Liv
e
))
(/home/runner/work/_temp/setup-texlive-action/2022/texmf-dist/tex/latex/lineno/
lineno.sty
Package: lineno 2023/01/19 line numbers on paragraphs v5.1
\linenopenalty=\count442
\output=\toks55
\linenoprevgraf=\count443
\linenumbersep=\dimen357
\linenumberwidth=\dimen358
\c@linenumber=\count444
\c@pagewiselinenumber=\count445
\c@LN@truepage=\count446
\c@internallinenumber=\count447
\c@internallinenumbers=\count448
\quotelinenumbersep=\dimen359
\bframerule=\dimen360
\bframesep=\dimen361
\bframebox=\box148
\linenoamsmath@ams@eqpen=\count449
LaTeX Info: Redefining \\ on input line 3131.
)
Package hyperref Info: Link coloring ON on input line 7.
 (./myPaper.out) (./myPaper.out)
\@outlinefile=\write5
\openout5 = `myPaper.out'.

Package caption Info: Begin \AtBeginDocument code.
Package caption Info: End \AtBeginDocument code.

(/home/runner/work/_temp/setup-texlive-action/2022/texmf-dist/tex/latex/floatro
w/fr-longtable.sty
Package: fr-longtable 2007/11/28 v0.1b (beta) floatrow: additions for longtable

\flrow@LT@lasthead=\box149
\flrow@LT@prelastfoot=\box150
\c@FBLTpage=\count450
)
(/home/runner/work/_temp/setup-texlive-action/2022/texmf-dist/tex/latex/transla
tions/translations-basic-dictionary-english.trsl
File: translations-basic-dictionary-english.trsl (english translation file `tra
nslations-basic-dictionary')
)
Package translations Info: loading dictionary `translations-basic-dictionary' f
or `english'. on input line 7.

*geometry* driver: auto-detecting
*geometry* detected driver: pdftex
*geometry* verbose mode - [ preamble ] result:
* driver: pdftex
* paper: <default>
* layout: <same size as paper>
* layoutoffset:(h,v)=(0.0pt,0.0pt)
* modes: twoside asymmetric 
* h-part:(L,W,R)=(72.26999pt, 469.75502pt, 72.26999pt)
* v-part:(T,H,B)=(72.26999pt, 650.43001pt, 72.26999pt)
* \paperwidth=614.295pt
* \paperheight=794.96999pt
* \textwidth=469.75502pt
* \textheight=650.43001pt
* \oddsidemargin=0.0pt
* \evensidemargin=0.0pt
* \topmargin=-46.97505pt
* \headheight=10.84006pt
* \headsep=36.135pt
* \topskip=12.5pt
* \footskip=30.0pt
* \marginparwidth=107.0pt
* \marginparsep=6.0pt
* \columnsep=28.58437pt
* \skip\footins=24.0pt
* \hoffset=-21.33955pt
* \voffset=-56.9055pt
* \mag=1000
* \@twocolumnfalse
* \@twosidetrue
* \@mparswitchfalse
* \@reversemarginfalse
* (1in=72.27pt=25.4mm, 1cm=28.453pt)

Class revtex4-1 Info: Overriding lineo.sty, restoring output routine, on input 
line 7.
Class revtex4-1 Info: Line numbering not turned on yet on input line 7.
Class revtex4-1 Info: Overriding \@LN@LLerror on input line 7.

Package natbib Warning: Citation `biviano+2021aap650_105' on page 1 undefined o
n input line 11.


Package natbib Warning: Citation `bressan+1994apj94_63' on page 1 undefined on 
input line 13.


Package natbib Warning: Citation `anantharamaiah+1996apj466_13' on page 1 undef
ined on input line 15.

(./do_NOT_manually_edit/isANONtravel.tex)
LaTeX Font Info:    Trying to load font information for U+lasy on input line 22
.

(/home/runner/work/_temp/setup-texlive-action/2022/texmf-dist/tex/latex/base/ul
asy.fd
File: ulasy.fd 1998/08/17 v2.2e LaTeX symbol font definitions
)
LaTeX Font Info:    Trying to load font information for U+msa on input line 22.


(/home/runner/work/_temp/setup-texlive-action/2022/texmf-dist/tex/latex/amsfont
s/umsa.fd
File: umsa.fd 2013/01/14 v3.01 AMS symbols A
)
LaTeX Font Info:    Trying to load font information for U+msb on input line 22.


(/home/runner/work/_temp/setup-texlive-action/2022/texmf-dist/tex/latex/amsfont
s/umsb.fd
File: umsb.fd 2013/01/14 v3.01 AMS symbols B
)

./myPaper.tex:22: Package xcolor Error: Undefined color `White'.

See the xcolor package documentation for explanation.
Type  H <return>  for immediate help.
 ...                                              
                                                  
l.22 \begin{isANONtravel}
                         
Try typing  <return>  to proceed.
If that doesn't work, type  X <return>  to quit.


./myPaper.tex:22: Package xcolor Error: Undefined color `Blue'.

See the xcolor package documentation for explanation.
Type  H <return>  for immediate help.
 ...                                              
                                                  
l.22 \begin{isANONtravel}
                         
Try typing  <return>  to proceed.
If that doesn't work, type  X <return>  to quit.


./myPaper.tex:22: Package xcolor Error: Undefined color `Blue'.

See the xcolor package documentation for explanation.
Type  H <return>  for immediate help.
 ...                                              
                                                  
l.22 \begin{isANONtravel}
                         
Try typing  <return>  to proceed.
If that doesn't work, type  X <return>  to quit.

./myPaper.tex:22: Undefined control sequence.
\isANONtravel ...8} {\YearTripsDestLabelFontstyle 
                                                  {\color {\YearTripsDestLab...
l.22 \begin{isANONtravel}
                         
The control sequence at the end of the top line
of your error message was never \def'ed. If you have
misspelled it (e.g., `\hobx'), type `I' and the correct
spelling (e.g., `I\hbox'). Otherwise just continue,
and I'll forget about whatever was undefined.


./myPaper.tex:22: Package xcolor Error: Undefined color `Blue'.

See the xcolor package documentation for explanation.
Type  H <return>  for immediate help.
 ...                                              
                                                  
l.22 \begin{isANONtravel}
                         
Try typing  <return>  to proceed.
If that doesn't work, type  X <return>  to quit.

./myPaper.tex:22: Undefined control sequence.
\isANONtravel ... & {\YearTripsDestLabelFontstyle 
                                                  {\color {\YearTripsDestLab...
l.22 \begin{isANONtravel}
                         
The control sequence at the end of the top line
of your error message was never \def'ed. If you have
misspelled it (e.g., `\hobx'), type `I' and the correct
spelling (e.g., `I\hbox'). Otherwise just continue,
and I'll forget about whatever was undefined.


./myPaper.tex:22: Package xcolor Error: Undefined color `Blue'.

See the xcolor package documentation for explanation.
Type  H <return>  for immediate help.
 ...                                              
                                                  
l.22 \begin{isANONtravel}
                         
Try typing  <return>  to proceed.
If that doesn't work, type  X <return>  to quit.

./myPaper.tex:22: Undefined control sequence.
\isANONtravel ... & {\YearTripsDestLabelFontstyle 
                                                  {\color {\YearTripsDestLab...
l.22 \begin{isANONtravel}
                         
The control sequence at the end of the top line
of your error message was never \def'ed. If you have
misspelled it (e.g., `\hobx'), type `I' and the correct
spelling (e.g., `I\hbox'). Otherwise just continue,
and I'll forget about whatever was undefined.


./myPaper.tex:22: Package xcolor Error: Undefined color `Blue'.

See the xcolor package documentation for explanation.
Type  H <return>  for immediate help.
 ...                                              
                                                  
l.22 \begin{isANONtravel}
                         
Try typing  <return>  to proceed.
If that doesn't work, type  X <return>  to quit.


./myPaper.tex:22: Package xcolor Error: Undefined color `Blue'.

See the xcolor package documentation for explanation.
Type  H <return>  for immediate help.
 ...                                              
                                                  
l.22 \begin{isANONtravel}
                         
Try typing  <return>  to proceed.
If that doesn't work, type  X <return>  to quit.


./myPaper.tex:22: Package xcolor Error: Undefined color `Blue'.

See the xcolor package documentation for explanation.
Type  H <return>  for immediate help.
 ...                                              
                                                  
l.22 \begin{isANONtravel}
                         
Try typing  <return>  to proceed.
If that doesn't work, type  X <return>  to quit.


./myPaper.tex:22: Package xcolor Error: Undefined color `Blue'.

See the xcolor package documentation for explanation.
Type  H <return>  for immediate help.
 ...                                              
                                                  
l.22 \begin{isANONtravel}
                         
Try typing  <return>  to proceed.
If that doesn't work, type  X <return>  to quit.


./myPaper.tex:22: Package xcolor Error: Undefined color `Blue'.

See the xcolor package documentation for explanation.
Type  H <return>  for immediate help.
 ...                                              
                                                  
l.22 \begin{isANONtravel}
                         
Try typing  <return>  to proceed.
If that doesn't work, type  X <return>  to quit.


./myPaper.tex:22: Package xcolor Error: Undefined color `Blue'.

See the xcolor package documentation for explanation.
Type  H <return>  for immediate help.
 ...                                              
                                                  
l.22 \begin{isANONtravel}
                         
Try typing  <return>  to proceed.
If that doesn't work, type  X <return>  to quit.


./myPaper.tex:22: Package xcolor Error: Undefined color `Blue'.

See the xcolor package documentation for explanation.
Type  H <return>  for immediate help.
 ...                                              
                                                  
l.22 \begin{isANONtravel}
                         
Try typing  <return>  to proceed.
If that doesn't work, type  X <return>  to quit.

./myPaper.tex:22: Undefined control sequence.
<recently read> \YearTripsDestLabelFontstyle 
                                             
l.22 \begin{isANONtravel}
                         
The control sequence at the end of the top line
of your error message was never \def'ed. If you have
misspelled it (e.g., `\hobx'), type `I' and the correct
spelling (e.g., `I\hbox'). Otherwise just continue,
and I'll forget about whatever was undefined.

./myPaper.tex:22: Undefined control sequence.
\isANONtravel ...} & \YearTripsDestLabelFontstyle 
                                                  {} & \YearTripsDestLabelFo...
l.22 \begin{isANONtravel}
                         
The control sequence at the end of the top line
of your error message was never \def'ed. If you have
misspelled it (e.g., `\hobx'), type `I' and the correct
spelling (e.g., `I\hbox'). Otherwise just continue,
and I'll forget about whatever was undefined.

./myPaper.tex:22: Undefined control sequence.
\isANONtravel ...} & \YearTripsDestLabelFontstyle 
                                                  {} & {\PerTripLabelFontsty...
l.22 \begin{isANONtravel}
                         
The control sequence at the end of the top line
of your error message was never \def'ed. If you have
misspelled it (e.g., `\hobx'), type `I' and the correct
spelling (e.g., `I\hbox'). Otherwise just continue,
and I'll forget about whatever was undefined.


./myPaper.tex:22: Package xcolor Error: Undefined color `Blue'.

See the xcolor package documentation for explanation.
Type  H <return>  for immediate help.
 ...                                              
                                                  
l.22 \begin{isANONtravel}
                         
Try typing  <return>  to proceed.
If that doesn't work, type  X <return>  to quit.


./myPaper.tex:22: Package xcolor Error: Undefined color `Blue'.

See the xcolor package documentation for explanation.
Type  H <return>  for immediate help.
 ...                                              
                                                  
l.22 \begin{isANONtravel}
                         
Try typing  <return>  to proceed.
If that doesn't work, type  X <return>  to quit.


./myPaper.tex:22: Package xcolor Error: Undefined color `Blue'.

See the xcolor package documentation for explanation.
Type  H <return>  for immediate help.
 ...                                              
                                                  
l.22 \begin{isANONtravel}
                         
Try typing  <return>  to proceed.
If that doesn't work, type  X <return>  to quit.


./myPaper.tex:22: Package xcolor Error: Undefined color `Blue'.

See the xcolor package documentation for explanation.
Type  H <return>  for immediate help.
 ...                                              
                                                  
l.22 \begin{isANONtravel}
                         
Try typing  <return>  to proceed.
If that doesn't work, type  X <return>  to quit.

./myPaper.tex:36: Undefined control sequence.
\perPersonNumberTripsList ->\smallIndent 
                                         \textbf {Sci-PI}: 2 domestic trips;...
l.36 ...ve do not include institutional overhead.}
                                                  
The control sequence at the end of the top line
of your error message was never \def'ed. If you have
misspelled it (e.g., `\hobx'), type `I' and the correct
spelling (e.g., `I\hbox'). Otherwise just continue,
and I'll forget about whatever was undefined.

./myPaper.tex:36: Undefined control sequence.
\perPersonNumberTripsList ...newline \smallIndent 
                                                  \textbf {Admin-PI}: 3 dome...
l.36 ...ve do not include institutional overhead.}
                                                  
The control sequence at the end of the top line
of your error message was never \def'ed. If you have
misspelled it (e.g., `\hobx'), type `I' and the correct
spelling (e.g., `I\hbox'). Otherwise just continue,
and I'll forget about whatever was undefined.

./myPaper.tex:36: Undefined control sequence.
\perPersonNumberTripsList ->\smallIndent 
                                         \textbf {Sci-PI}: 2 domestic trips;...
l.36 ...ve do not include institutional overhead.}
                                                  
The control sequence at the end of the top line
of your error message was never \def'ed. If you have
misspelled it (e.g., `\hobx'), type `I' and the correct
spelling (e.g., `I\hbox'). Otherwise just continue,
and I'll forget about whatever was undefined.

./myPaper.tex:36: Undefined control sequence.
\perPersonNumberTripsList ...newline \smallIndent 
                                                  \textbf {Admin-PI}: 3 dome...
l.36 ...ve do not include institutional overhead.}
                                                  
The control sequence at the end of the top line
of your error message was never \def'ed. If you have
misspelled it (e.g., `\hobx'), type `I' and the correct
spelling (e.g., `I\hbox'). Otherwise just continue,
and I'll forget about whatever was undefined.


Underfull \hbox (badness 10000) in paragraph at lines 36--36

 []


Underfull \hbox (badness 10000) in paragraph at lines 36--36

 []


Underfull \hbox (badness 10000) in paragraph at lines 36--36

 []


Underfull \hbox (badness 10000) in paragraph at lines 36--36

 []


Underfull \hbox (badness 10000) in paragraph at lines 36--36

 []


Underfull \hbox (badness 10000) in paragraph at lines 36--36

 []


Underfull \hbox (badness 10000) in paragraph at lines 36--36

 []


Package natbib Warning: Citation `bressan+1994apj94_63' on page 1 undefined on 
input line 41.


Package natbib Warning: Citation `biviano+2021aap650_105' on page 1 undefined o
n input line 41.

(./myPaper.bbl

./myPaper.bbl:1: Package xcolor Error: Undefined color `NavyBlue'.

See the xcolor package documentation for explanation.
Type  H <return>  for immediate help.
 ...                                              
                                                  
l.1 \begin{thebibliography}{}
                             
Try typing  <return>  to proceed.
If that doesn't work, type  X <return>  to quit.

) [1{/home/runner/work/_temp/setup-texlive-action/2022/texmf-var/fonts/map/pdft
ex/updmap/pdftex.map}]

Package natbib Warning: There were undefined citations.


Package caption Warning: Unused \captionsetup[figure] on input line 56.
See the caption package documentation for explanation.

(./myPaper.aux

Package natbib Warning: Citation(s) may have changed.
(natbib)                Rerun to get citations correct.

)
Package rerunfilecheck Info: File `myPaper.out' has not changed.
(rerunfilecheck)             Checksum: D41D8CD98F00B204E9800998ECF8427E;0.
 ) 
Here is how much of TeX's memory you used:
 38895 strings out of 477984
 799162 string characters out of 5836839
 1883388 words of memory out of 5000000
 58462 multiletter control sequences out of 15000+600000
 521112 words of font info for 67 fonts, out of 8000000 for 9000
 14 hyphenation exceptions out of 8191
 123i,11n,131p,1196b,903s stack positions out of 10000i,1000n,20000p,200000b,200000s
{/home/runner/work/_temp/setup-texlive-action/2022/texmf-dist/fonts/enc/dvips
/cm-super/cm-super-ts1.enc}</home/runner/work/_temp/setup-texlive-action/2022/t
exmf-dist/fonts/type1/public/amsfonts/cm/cmbx10.pfb></home/runner/work/_temp/se
tup-texlive-action/2022/texmf-dist/fonts/type1/public/amsfonts/cm/cmbx9.pfb></h
ome/runner/work/_temp/setup-texlive-action/2022/texmf-dist/fonts/type1/public/a
msfonts/cm/cmbxti10.pfb></home/runner/work/_temp/setup-texlive-action/2022/texm
f-dist/fonts/type1/public/amsfonts/cm/cmcsc10.pfb></home/runner/work/_temp/setu
p-texlive-action/2022/texmf-dist/fonts/type1/public/amsfonts/cm/cmr10.pfb></hom
e/runner/work/_temp/setup-texlive-action/2022/texmf-dist/fonts/type1/public/ams
fonts/cm/cmr9.pfb></home/runner/work/_temp/setup-texlive-action/2022/texmf-dist
/fonts/type1/public/cm-super/sfrm0900.pfb></home/runner/work/_temp/setup-texliv
e-action/2022/texmf-dist/fonts/type1/public/cm-super/sfrm1000.pfb>
Output written on myPaper.pdf (1 page, 97063 bytes).
PDF statistics:
 65 PDF objects out of 1000 (max. 8388607)
 45 compressed objects within 1 object stream
 6 named destinations out of 1000 (max. 500000)
 13 words of extra memory for PDF output out of 10000 (max. 10000000)

